mode: set
micode.be.xiaomi.com/wangjing1/go-mysql-proxy/sqlparser/sql.go:8.54,10.2 1 1
micode.be.xiaomi.com/wangjing1/go-mysql-proxy/sqlparser/sql.go:12.54,14.2 1 1
micode.be.xiaomi.com/wangjing1/go-mysql-proxy/sqlparser/sql.go:16.34,18.2 1 1
micode.be.xiaomi.com/wangjing1/go-mysql-proxy/sqlparser/sql.go:13.30,15.37 1 0
micode.be.xiaomi.com/wangjing1/go-mysql-proxy/sqlparser/sql.go:20.2,20.39 1 0
micode.be.xiaomi.com/wangjing1/go-mysql-proxy/sqlparser/sql.go:15.37,16.28 1 0
micode.be.xiaomi.com/wangjing1/go-mysql-proxy/sqlparser/sql.go:16.28,18.4 1 0
micode.be.xiaomi.com/wangjing1/go-mysql-proxy/sqlparser/sql.go:23.31,24.37 1 0
micode.be.xiaomi.com/wangjing1/go-mysql-proxy/sqlparser/sql.go:29.2,29.41 1 0
micode.be.xiaomi.com/wangjing1/go-mysql-proxy/sqlparser/sql.go:24.37,25.28 1 0
micode.be.xiaomi.com/wangjing1/go-mysql-proxy/sqlparser/sql.go:25.28,27.4 1 0
micode.be.xiaomi.com/wangjing1/go-mysql-proxy/sqlparser/sql.go:32.47,35.15 3 1
micode.be.xiaomi.com/wangjing1/go-mysql-proxy/sqlparser/sql.go:39.2,39.24 1 1
micode.be.xiaomi.com/wangjing1/go-mysql-proxy/sqlparser/sql.go:43.2,43.23 1 1
micode.be.xiaomi.com/wangjing1/go-mysql-proxy/sqlparser/sql.go:49.2,49.38 1 0
micode.be.xiaomi.com/wangjing1/go-mysql-proxy/sqlparser/sql.go:57.1,58.12 1 0
micode.be.xiaomi.com/wangjing1/go-mysql-proxy/sqlparser/sql.go:61.2,61.18 1 1
micode.be.xiaomi.com/wangjing1/go-mysql-proxy/sqlparser/sql.go:64.2,64.10 1 1
micode.be.xiaomi.com/wangjing1/go-mysql-proxy/sqlparser/sql.go:35.15,37.11 2 1
micode.be.xiaomi.com/wangjing1/go-mysql-proxy/sqlparser/sql.go:39.24,41.11 2 1
micode.be.xiaomi.com/wangjing1/go-mysql-proxy/sqlparser/sql.go:43.23,44.35 1 1
micode.be.xiaomi.com/wangjing1/go-mysql-proxy/sqlparser/sql.go:44.35,46.12 2 1
micode.be.xiaomi.com/wangjing1/go-mysql-proxy/sqlparser/sql.go:49.38,51.16 2 0
micode.be.xiaomi.com/wangjing1/go-mysql-proxy/sqlparser/sql.go:51.16,53.12 2 0
micode.be.xiaomi.com/wangjing1/go-mysql-proxy/sqlparser/sql.go:58.12,60.3 1 0
micode.be.xiaomi.com/wangjing1/go-mysql-proxy/sqlparser/sql.go:61.18,63.3 1 0
micode.be.xiaomi.com/wangjing1/go-mysql-proxy/sqlparser/sql.go:67.33,78.14 10 1
micode.be.xiaomi.com/wangjing1/go-mysql-proxy/sqlparser/sql.go:80.1,88.18 3 0
micode.be.xiaomi.com/wangjing1/go-mysql-proxy/sqlparser/sql.go:92.2,93.21 2 1
micode.be.xiaomi.com/wangjing1/go-mysql-proxy/sqlparser/sql.go:98.2,103.19 4 1
micode.be.xiaomi.com/wangjing1/go-mysql-proxy/sqlparser/sql.go:106.2,106.16 1 1
micode.be.xiaomi.com/wangjing1/go-mysql-proxy/sqlparser/sql.go:109.2,110.30 2 1
micode.be.xiaomi.com/wangjing1/go-mysql-proxy/sqlparser/sql.go:113.2,114.26 2 1
micode.be.xiaomi.com/wangjing1/go-mysql-proxy/sqlparser/sql.go:124.1,127.15 2 1
micode.be.xiaomi.com/wangjing1/go-mysql-proxy/sqlparser/sql.go:151.2,151.14 1 1
micode.be.xiaomi.com/wangjing1/go-mysql-proxy/sqlparser/sql.go:198.2,198.18 1 1
micode.be.xiaomi.com/wangjing1/go-mysql-proxy/sqlparser/sql.go:202.2,214.19 9 1
micode.be.xiaomi.com/wangjing1/go-mysql-proxy/sqlparser/sql.go:223.2,223.14 1 1
micode.be.xiaomi.com/wangjing1/go-mysql-proxy/sqlparser/sql.go:1335.2,1335.14 1 1
micode.be.xiaomi.com/wangjing1/go-mysql-proxy/sqlparser/sql.go:88.18,90.3 1 0
micode.be.xiaomi.com/wangjing1/go-mysql-proxy/sqlparser/sql.go:93.21,97.3 3 0
micode.be.xiaomi.com/wangjing1/go-mysql-proxy/sqlparser/sql.go:103.19,104.17 1 1
micode.be.xiaomi.com/wangjing1/go-mysql-proxy/sqlparser/sql.go:106.16,108.3 1 1
micode.be.xiaomi.com/wangjing1/go-mysql-proxy/sqlparser/sql.go:110.30,111.17 1 0
micode.be.xiaomi.com/wangjing1/go-mysql-proxy/sqlparser/sql.go:114.26,118.18 4 1
micode.be.xiaomi.com/wangjing1/go-mysql-proxy/sqlparser/sql.go:121.3,121.15 1 1
micode.be.xiaomi.com/wangjing1/go-mysql-proxy/sqlparser/sql.go:118.18,120.4 1 0
micode.be.xiaomi.com/wangjing1/go-mysql-proxy/sqlparser/sql.go:127.15,128.17 1 1
micode.be.xiaomi.com/wangjing1/go-mysql-proxy/sqlparser/sql.go:133.3,134.7 2 1
micode.be.xiaomi.com/wangjing1/go-mysql-proxy/sqlparser/sql.go:140.3,140.26 1 1
micode.be.xiaomi.com/wangjing1/go-mysql-proxy/sqlparser/sql.go:146.3,147.14 2 1
micode.be.xiaomi.com/wangjing1/go-mysql-proxy/sqlparser/sql.go:128.17,130.4 1 1
micode.be.xiaomi.com/wangjing1/go-mysql-proxy/sqlparser/sql.go:134.7,135.53 1 1
micode.be.xiaomi.com/wangjing1/go-mysql-proxy/sqlparser/sql.go:138.4,138.11 1 0
micode.be.xiaomi.com/wangjing1/go-mysql-proxy/sqlparser/sql.go:135.53,136.10 1 1
micode.be.xiaomi.com/wangjing1/go-mysql-proxy/sqlparser/sql.go:140.26,142.32 2 1
micode.be.xiaomi.com/wangjing1/go-mysql-proxy/sqlparser/sql.go:142.32,143.10 1 1
micode.be.xiaomi.com/wangjing1/go-mysql-proxy/sqlparser/sql.go:147.14,148.13 1 1
micode.be.xiaomi.com/wangjing1/go-mysql-proxy/sqlparser/sql.go:151.14,153.18 1 1
micode.be.xiaomi.com/wangjing1/go-mysql-proxy/sqlparser/sql.go:154.3,157.20 3 1
micode.be.xiaomi.com/wangjing1/go-mysql-proxy/sqlparser/sql.go:161.4,161.15 1 1
micode.be.xiaomi.com/wangjing1/go-mysql-proxy/sqlparser/sql.go:163.3,167.17 2 1
micode.be.xiaomi.com/wangjing1/go-mysql-proxy/sqlparser/sql.go:183.4,183.13 1 1
micode.be.xiaomi.com/wangjing1/go-mysql-proxy/sqlparser/sql.go:185.3,186.20 1 0
micode.be.xiaomi.com/wangjing1/go-mysql-proxy/sqlparser/sql.go:189.4,189.27 1 0
micode.be.xiaomi.com/wangjing1/go-mysql-proxy/sqlparser/sql.go:192.4,193.19 2 0
micode.be.xiaomi.com/wangjing1/go-mysql-proxy/sqlparser/sql.go:157.20,160.5 2 0
micode.be.xiaomi.com/wangjing1/go-mysql-proxy/sqlparser/sql.go:167.17,169.33 2 1
micode.be.xiaomi.com/wangjing1/go-mysql-proxy/sqlparser/sql.go:177.5,177.21 1 1
micode.be.xiaomi.com/wangjing1/go-mysql-proxy/sqlparser/sql.go:180.5,180.10 1 1
micode.be.xiaomi.com/wangjing1/go-mysql-proxy/sqlparser/sql.go:169.33,171.37 2 1
micode.be.xiaomi.com/wangjing1/go-mysql-proxy/sqlparser/sql.go:171.37,172.19 1 0
micode.be.xiaomi.com/wangjing1/go-mysql-proxy/sqlparser/sql.go:177.21,179.6 1 0
micode.be.xiaomi.com/wangjing1/go-mysql-proxy/sqlparser/sql.go:186.20,188.5 1 0
micode.be.xiaomi.com/wangjing1/go-mysql-proxy/sqlparser/sql.go:189.27,190.14 1 0
micode.be.xiaomi.com/wangjing1/go-mysql-proxy/sqlparser/sql.go:198.18,200.3 1 0
micode.be.xiaomi.com/wangjing1/go-mysql-proxy/sqlparser/sql.go:214.19,216.3 1 1
micode.be.xiaomi.com/wangjing1/go-mysql-proxy/sqlparser/sql.go:216.3,218.29 2 1
micode.be.xiaomi.com/wangjing1/go-mysql-proxy/sqlparser/sql.go:218.29,220.4 1 1
micode.be.xiaomi.com/wangjing1/go-mysql-proxy/sqlparser/sql.go:225.2,227.3 1 1
micode.be.xiaomi.com/wangjing1/go-mysql-proxy/sqlparser/sql.go:230.2,232.3 1 1
micode.be.xiaomi.com/wangjing1/go-mysql-proxy/sqlparser/sql.go:235.2,236.42 1 1
micode.be.xiaomi.com/wangjing1/go-mysql-proxy/sqlparser/sql.go:237.2,238.42 1 1
micode.be.xiaomi.com/wangjing1/go-mysql-proxy/sqlparser/sql.go:239.2,240.42 1 1
micode.be.xiaomi.com/wangjing1/go-mysql-proxy/sqlparser/sql.go:241.2,242.42 1 1
micode.be.xiaomi.com/wangjing1/go-mysql-proxy/sqlparser/sql.go:243.2,244.42 1 0
micode.be.xiaomi.com/wangjing1/go-mysql-proxy/sqlparser/sql.go:245.2,246.42 1 0
micode.be.xiaomi.com/wangjing1/go-mysql-proxy/sqlparser/sql.go:247.2,248.42 1 0
micode.be.xiaomi.com/wangjing1/go-mysql-proxy/sqlparser/sql.go:249.2,250.42 1 0
micode.be.xiaomi.com/wangjing1/go-mysql-proxy/sqlparser/sql.go:251.2,252.42 1 0
micode.be.xiaomi.com/wangjing1/go-mysql-proxy/sqlparser/sql.go:253.2,254.42 1 0
micode.be.xiaomi.com/wangjing1/go-mysql-proxy/sqlparser/sql.go:255.2,256.42 1 0
micode.be.xiaomi.com/wangjing1/go-mysql-proxy/sqlparser/sql.go:257.2,258.42 1 0
micode.be.xiaomi.com/wangjing1/go-mysql-proxy/sqlparser/sql.go:259.2,260.42 1 1
micode.be.xiaomi.com/wangjing1/go-mysql-proxy/sqlparser/sql.go:261.2,262.42 1 0
micode.be.xiaomi.com/wangjing1/go-mysql-proxy/sqlparser/sql.go:263.2,264.42 1 0
micode.be.xiaomi.com/wangjing1/go-mysql-proxy/sqlparser/sql.go:265.2,266.42 1 0
micode.be.xiaomi.com/wangjing1/go-mysql-proxy/sqlparser/sql.go:267.2,269.3 1 1
micode.be.xiaomi.com/wangjing1/go-mysql-proxy/sqlparser/sql.go:272.2,274.3 1 1
micode.be.xiaomi.com/wangjing1/go-mysql-proxy/sqlparser/sql.go:277.2,279.3 1 0
micode.be.xiaomi.com/wangjing1/go-mysql-proxy/sqlparser/sql.go:282.2,284.3 1 1
micode.be.xiaomi.com/wangjing1/go-mysql-proxy/sqlparser/sql.go:287.2,289.3 1 0
micode.be.xiaomi.com/wangjing1/go-mysql-proxy/sqlparser/sql.go:298.2,300.3 1 0
micode.be.xiaomi.com/wangjing1/go-mysql-proxy/sqlparser/sql.go:303.2,305.3 1 0
micode.be.xiaomi.com/wangjing1/go-mysql-proxy/sqlparser/sql.go:314.2,316.3 1 1
micode.be.xiaomi.com/wangjing1/go-mysql-proxy/sqlparser/sql.go:319.2,321.3 1 1
micode.be.xiaomi.com/wangjing1/go-mysql-proxy/sqlparser/sql.go:324.2,326.3 1 0
micode.be.xiaomi.com/wangjing1/go-mysql-proxy/sqlparser/sql.go:329.2,331.3 1 1
micode.be.xiaomi.com/wangjing1/go-mysql-proxy/sqlparser/sql.go:334.2,336.3 1 0
micode.be.xiaomi.com/wangjing1/go-mysql-proxy/sqlparser/sql.go:339.2,341.3 1 0
micode.be.xiaomi.com/wangjing1/go-mysql-proxy/sqlparser/sql.go:344.2,346.3 1 0
micode.be.xiaomi.com/wangjing1/go-mysql-proxy/sqlparser/sql.go:349.2,351.3 1 0
micode.be.xiaomi.com/wangjing1/go-mysql-proxy/sqlparser/sql.go:354.2,356.3 1 1
micode.be.xiaomi.com/wangjing1/go-mysql-proxy/sqlparser/sql.go:359.2,361.3 1 1
micode.be.xiaomi.com/wangjing1/go-mysql-proxy/sqlparser/sql.go:364.2,366.3 1 1
micode.be.xiaomi.com/wangjing1/go-mysql-proxy/sqlparser/sql.go:369.2,371.3 1 1
micode.be.xiaomi.com/wangjing1/go-mysql-proxy/sqlparser/sql.go:374.2,376.3 1 1
micode.be.xiaomi.com/wangjing1/go-mysql-proxy/sqlparser/sql.go:379.2,381.3 1 0
micode.be.xiaomi.com/wangjing1/go-mysql-proxy/sqlparser/sql.go:384.2,386.3 1 0
micode.be.xiaomi.com/wangjing1/go-mysql-proxy/sqlparser/sql.go:389.2,391.3 1 0
micode.be.xiaomi.com/wangjing1/go-mysql-proxy/sqlparser/sql.go:395.2,397.3 1 0
micode.be.xiaomi.com/wangjing1/go-mysql-proxy/sqlparser/sql.go:400.2,402.3 1 0
micode.be.xiaomi.com/wangjing1/go-mysql-proxy/sqlparser/sql.go:405.2,407.3 1 0
micode.be.xiaomi.com/wangjing1/go-mysql-proxy/sqlparser/sql.go:411.2,413.3 1 0
micode.be.xiaomi.com/wangjing1/go-mysql-proxy/sqlparser/sql.go:416.2,418.3 1 0
micode.be.xiaomi.com/wangjing1/go-mysql-proxy/sqlparser/sql.go:421.2,423.3 1 0
micode.be.xiaomi.com/wangjing1/go-mysql-proxy/sqlparser/sql.go:426.2,428.3 1 0
micode.be.xiaomi.com/wangjing1/go-mysql-proxy/sqlparser/sql.go:432.2,434.3 1 0
micode.be.xiaomi.com/wangjing1/go-mysql-proxy/sqlparser/sql.go:437.2,439.3 1 0
micode.be.xiaomi.com/wangjing1/go-mysql-proxy/sqlparser/sql.go:442.2,444.3 1 0
micode.be.xiaomi.com/wangjing1/go-mysql-proxy/sqlparser/sql.go:447.2,449.3 1 0
micode.be.xiaomi.com/wangjing1/go-mysql-proxy/sqlparser/sql.go:452.2,454.3 1 1
micode.be.xiaomi.com/wangjing1/go-mysql-proxy/sqlparser/sql.go:457.2,459.3 1 1
micode.be.xiaomi.com/wangjing1/go-mysql-proxy/sqlparser/sql.go:463.2,465.3 1 1
micode.be.xiaomi.com/wangjing1/go-mysql-proxy/sqlparser/sql.go:468.2,470.3 1 1
micode.be.xiaomi.com/wangjing1/go-mysql-proxy/sqlparser/sql.go:473.2,475.3 1 0
micode.be.xiaomi.com/wangjing1/go-mysql-proxy/sqlparser/sql.go:478.2,480.3 1 0
micode.be.xiaomi.com/wangjing1/go-mysql-proxy/sqlparser/sql.go:483.2,485.3 1 0
micode.be.xiaomi.com/wangjing1/go-mysql-proxy/sqlparser/sql.go:488.2,490.3 1 0
micode.be.xiaomi.com/wangjing1/go-mysql-proxy/sqlparser/sql.go:493.2,495.3 1 0
micode.be.xiaomi.com/wangjing1/go-mysql-proxy/sqlparser/sql.go:498.2,500.3 1 1
micode.be.xiaomi.com/wangjing1/go-mysql-proxy/sqlparser/sql.go:503.2,505.3 1 0
micode.be.xiaomi.com/wangjing1/go-mysql-proxy/sqlparser/sql.go:508.2,510.3 1 1
micode.be.xiaomi.com/wangjing1/go-mysql-proxy/sqlparser/sql.go:513.2,515.3 1 0
micode.be.xiaomi.com/wangjing1/go-mysql-proxy/sqlparser/sql.go:518.2,520.3 1 1
micode.be.xiaomi.com/wangjing1/go-mysql-proxy/sqlparser/sql.go:523.2,525.3 1 1
micode.be.xiaomi.com/wangjing1/go-mysql-proxy/sqlparser/sql.go:528.2,530.3 1 0
micode.be.xiaomi.com/wangjing1/go-mysql-proxy/sqlparser/sql.go:533.2,535.3 1 0
micode.be.xiaomi.com/wangjing1/go-mysql-proxy/sqlparser/sql.go:538.2,540.3 1 1
micode.be.xiaomi.com/wangjing1/go-mysql-proxy/sqlparser/sql.go:543.2,545.3 1 1
micode.be.xiaomi.com/wangjing1/go-mysql-proxy/sqlparser/sql.go:548.2,550.3 1 0
micode.be.xiaomi.com/wangjing1/go-mysql-proxy/sqlparser/sql.go:553.2,555.3 1 1
micode.be.xiaomi.com/wangjing1/go-mysql-proxy/sqlparser/sql.go:558.2,560.3 1 1
micode.be.xiaomi.com/wangjing1/go-mysql-proxy/sqlparser/sql.go:563.2,565.3 1 0
micode.be.xiaomi.com/wangjing1/go-mysql-proxy/sqlparser/sql.go:568.2,570.3 1 1
micode.be.xiaomi.com/wangjing1/go-mysql-proxy/sqlparser/sql.go:573.2,575.3 1 0
micode.be.xiaomi.com/wangjing1/go-mysql-proxy/sqlparser/sql.go:578.2,580.3 1 0
micode.be.xiaomi.com/wangjing1/go-mysql-proxy/sqlparser/sql.go:583.2,585.3 1 0
micode.be.xiaomi.com/wangjing1/go-mysql-proxy/sqlparser/sql.go:588.2,590.3 1 1
micode.be.xiaomi.com/wangjing1/go-mysql-proxy/sqlparser/sql.go:593.2,595.3 1 0
micode.be.xiaomi.com/wangjing1/go-mysql-proxy/sqlparser/sql.go:598.2,600.3 1 0
micode.be.xiaomi.com/wangjing1/go-mysql-proxy/sqlparser/sql.go:603.2,605.3 1 0
micode.be.xiaomi.com/wangjing1/go-mysql-proxy/sqlparser/sql.go:608.2,610.3 1 0
micode.be.xiaomi.com/wangjing1/go-mysql-proxy/sqlparser/sql.go:613.2,615.3 1 0
micode.be.xiaomi.com/wangjing1/go-mysql-proxy/sqlparser/sql.go:618.2,620.3 1 0
micode.be.xiaomi.com/wangjing1/go-mysql-proxy/sqlparser/sql.go:623.2,625.3 1 0
micode.be.xiaomi.com/wangjing1/go-mysql-proxy/sqlparser/sql.go:628.2,630.3 1 0
micode.be.xiaomi.com/wangjing1/go-mysql-proxy/sqlparser/sql.go:633.2,635.3 1 0
micode.be.xiaomi.com/wangjing1/go-mysql-proxy/sqlparser/sql.go:638.2,640.3 1 0
micode.be.xiaomi.com/wangjing1/go-mysql-proxy/sqlparser/sql.go:643.2,645.3 1 0
micode.be.xiaomi.com/wangjing1/go-mysql-proxy/sqlparser/sql.go:648.2,650.3 1 1
micode.be.xiaomi.com/wangjing1/go-mysql-proxy/sqlparser/sql.go:653.2,655.3 1 0
micode.be.xiaomi.com/wangjing1/go-mysql-proxy/sqlparser/sql.go:658.2,660.3 1 0
micode.be.xiaomi.com/wangjing1/go-mysql-proxy/sqlparser/sql.go:663.2,665.3 1 1
micode.be.xiaomi.com/wangjing1/go-mysql-proxy/sqlparser/sql.go:668.2,670.3 1 1
micode.be.xiaomi.com/wangjing1/go-mysql-proxy/sqlparser/sql.go:673.2,675.3 1 1
micode.be.xiaomi.com/wangjing1/go-mysql-proxy/sqlparser/sql.go:678.2,680.3 1 0
micode.be.xiaomi.com/wangjing1/go-mysql-proxy/sqlparser/sql.go:683.2,685.3 1 0
micode.be.xiaomi.com/wangjing1/go-mysql-proxy/sqlparser/sql.go:688.2,690.3 1 0
micode.be.xiaomi.com/wangjing1/go-mysql-proxy/sqlparser/sql.go:693.2,695.3 1 0
micode.be.xiaomi.com/wangjing1/go-mysql-proxy/sqlparser/sql.go:698.2,700.3 1 0
micode.be.xiaomi.com/wangjing1/go-mysql-proxy/sqlparser/sql.go:703.2,705.3 1 1
micode.be.xiaomi.com/wangjing1/go-mysql-proxy/sqlparser/sql.go:708.2,710.3 1 1
micode.be.xiaomi.com/wangjing1/go-mysql-proxy/sqlparser/sql.go:713.2,715.3 1 1
micode.be.xiaomi.com/wangjing1/go-mysql-proxy/sqlparser/sql.go:718.2,720.3 1 1
micode.be.xiaomi.com/wangjing1/go-mysql-proxy/sqlparser/sql.go:723.2,725.3 1 1
micode.be.xiaomi.com/wangjing1/go-mysql-proxy/sqlparser/sql.go:728.2,730.3 1 1
micode.be.xiaomi.com/wangjing1/go-mysql-proxy/sqlparser/sql.go:733.2,735.3 1 1
micode.be.xiaomi.com/wangjing1/go-mysql-proxy/sqlparser/sql.go:738.2,739.40 1 1
micode.be.xiaomi.com/wangjing1/go-mysql-proxy/sqlparser/sql.go:740.2,742.3 1 1
micode.be.xiaomi.com/wangjing1/go-mysql-proxy/sqlparser/sql.go:745.2,747.3 1 1
micode.be.xiaomi.com/wangjing1/go-mysql-proxy/sqlparser/sql.go:750.2,752.3 1 0
micode.be.xiaomi.com/wangjing1/go-mysql-proxy/sqlparser/sql.go:755.2,757.3 1 1
micode.be.xiaomi.com/wangjing1/go-mysql-proxy/sqlparser/sql.go:760.2,762.3 1 1
micode.be.xiaomi.com/wangjing1/go-mysql-proxy/sqlparser/sql.go:765.2,767.3 1 1
micode.be.xiaomi.com/wangjing1/go-mysql-proxy/sqlparser/sql.go:770.2,772.3 1 1
micode.be.xiaomi.com/wangjing1/go-mysql-proxy/sqlparser/sql.go:775.2,777.3 1 0
micode.be.xiaomi.com/wangjing1/go-mysql-proxy/sqlparser/sql.go:780.2,782.3 1 0
micode.be.xiaomi.com/wangjing1/go-mysql-proxy/sqlparser/sql.go:785.2,787.3 1 1
micode.be.xiaomi.com/wangjing1/go-mysql-proxy/sqlparser/sql.go:790.2,792.3 1 1
micode.be.xiaomi.com/wangjing1/go-mysql-proxy/sqlparser/sql.go:795.2,797.3 1 0
micode.be.xiaomi.com/wangjing1/go-mysql-proxy/sqlparser/sql.go:800.2,802.3 1 0
micode.be.xiaomi.com/wangjing1/go-mysql-proxy/sqlparser/sql.go:805.2,807.3 1 0
micode.be.xiaomi.com/wangjing1/go-mysql-proxy/sqlparser/sql.go:810.2,812.3 1 1
micode.be.xiaomi.com/wangjing1/go-mysql-proxy/sqlparser/sql.go:815.2,817.3 1 1
micode.be.xiaomi.com/wangjing1/go-mysql-proxy/sqlparser/sql.go:820.2,822.3 1 1
micode.be.xiaomi.com/wangjing1/go-mysql-proxy/sqlparser/sql.go:825.2,827.3 1 1
micode.be.xiaomi.com/wangjing1/go-mysql-proxy/sqlparser/sql.go:830.2,832.3 1 1
micode.be.xiaomi.com/wangjing1/go-mysql-proxy/sqlparser/sql.go:835.2,837.3 1 0
micode.be.xiaomi.com/wangjing1/go-mysql-proxy/sqlparser/sql.go:840.2,842.3 1 0
micode.be.xiaomi.com/wangjing1/go-mysql-proxy/sqlparser/sql.go:845.2,847.3 1 1
micode.be.xiaomi.com/wangjing1/go-mysql-proxy/sqlparser/sql.go:850.2,852.3 1 0
micode.be.xiaomi.com/wangjing1/go-mysql-proxy/sqlparser/sql.go:855.2,857.3 1 1
micode.be.xiaomi.com/wangjing1/go-mysql-proxy/sqlparser/sql.go:860.2,862.3 1 0
micode.be.xiaomi.com/wangjing1/go-mysql-proxy/sqlparser/sql.go:865.2,867.3 1 1
micode.be.xiaomi.com/wangjing1/go-mysql-proxy/sqlparser/sql.go:870.2,872.3 1 1
micode.be.xiaomi.com/wangjing1/go-mysql-proxy/sqlparser/sql.go:875.2,877.3 1 1
micode.be.xiaomi.com/wangjing1/go-mysql-proxy/sqlparser/sql.go:880.2,882.3 1 1
micode.be.xiaomi.com/wangjing1/go-mysql-proxy/sqlparser/sql.go:885.2,887.3 1 0
micode.be.xiaomi.com/wangjing1/go-mysql-proxy/sqlparser/sql.go:890.2,892.3 1 0
micode.be.xiaomi.com/wangjing1/go-mysql-proxy/sqlparser/sql.go:895.2,897.3 1 0
micode.be.xiaomi.com/wangjing1/go-mysql-proxy/sqlparser/sql.go:900.2,902.3 1 0
micode.be.xiaomi.com/wangjing1/go-mysql-proxy/sqlparser/sql.go:905.2,907.3 1 0
micode.be.xiaomi.com/wangjing1/go-mysql-proxy/sqlparser/sql.go:910.2,912.3 1 0
micode.be.xiaomi.com/wangjing1/go-mysql-proxy/sqlparser/sql.go:915.2,917.3 1 0
micode.be.xiaomi.com/wangjing1/go-mysql-proxy/sqlparser/sql.go:920.2,922.3 1 0
micode.be.xiaomi.com/wangjing1/go-mysql-proxy/sqlparser/sql.go:925.2,927.3 1 0
micode.be.xiaomi.com/wangjing1/go-mysql-proxy/sqlparser/sql.go:930.2,932.3 1 1
micode.be.xiaomi.com/wangjing1/go-mysql-proxy/sqlparser/sql.go:946.2,948.3 1 1
micode.be.xiaomi.com/wangjing1/go-mysql-proxy/sqlparser/sql.go:951.2,953.3 1 0
micode.be.xiaomi.com/wangjing1/go-mysql-proxy/sqlparser/sql.go:956.2,958.3 1 0
micode.be.xiaomi.com/wangjing1/go-mysql-proxy/sqlparser/sql.go:961.2,963.3 1 0
micode.be.xiaomi.com/wangjing1/go-mysql-proxy/sqlparser/sql.go:966.2,968.3 1 0
micode.be.xiaomi.com/wangjing1/go-mysql-proxy/sqlparser/sql.go:971.2,973.3 1 0
micode.be.xiaomi.com/wangjing1/go-mysql-proxy/sqlparser/sql.go:976.2,978.3 1 0
micode.be.xiaomi.com/wangjing1/go-mysql-proxy/sqlparser/sql.go:981.2,983.3 1 0
micode.be.xiaomi.com/wangjing1/go-mysql-proxy/sqlparser/sql.go:986.2,988.3 1 1
micode.be.xiaomi.com/wangjing1/go-mysql-proxy/sqlparser/sql.go:991.2,993.3 1 0
micode.be.xiaomi.com/wangjing1/go-mysql-proxy/sqlparser/sql.go:996.2,998.3 1 0
micode.be.xiaomi.com/wangjing1/go-mysql-proxy/sqlparser/sql.go:1001.2,1003.3 1 0
micode.be.xiaomi.com/wangjing1/go-mysql-proxy/sqlparser/sql.go:1006.2,1008.3 1 0
micode.be.xiaomi.com/wangjing1/go-mysql-proxy/sqlparser/sql.go:1011.2,1013.3 1 0
micode.be.xiaomi.com/wangjing1/go-mysql-proxy/sqlparser/sql.go:1016.2,1018.3 1 0
micode.be.xiaomi.com/wangjing1/go-mysql-proxy/sqlparser/sql.go:1021.2,1023.3 1 0
micode.be.xiaomi.com/wangjing1/go-mysql-proxy/sqlparser/sql.go:1026.2,1028.3 1 0
micode.be.xiaomi.com/wangjing1/go-mysql-proxy/sqlparser/sql.go:1031.2,1033.3 1 0
micode.be.xiaomi.com/wangjing1/go-mysql-proxy/sqlparser/sql.go:1036.2,1038.3 1 1
micode.be.xiaomi.com/wangjing1/go-mysql-proxy/sqlparser/sql.go:1041.2,1043.3 1 0
micode.be.xiaomi.com/wangjing1/go-mysql-proxy/sqlparser/sql.go:1046.2,1048.3 1 0
micode.be.xiaomi.com/wangjing1/go-mysql-proxy/sqlparser/sql.go:1051.2,1053.3 1 1
micode.be.xiaomi.com/wangjing1/go-mysql-proxy/sqlparser/sql.go:1056.2,1058.3 1 1
micode.be.xiaomi.com/wangjing1/go-mysql-proxy/sqlparser/sql.go:1061.2,1063.3 1 0
micode.be.xiaomi.com/wangjing1/go-mysql-proxy/sqlparser/sql.go:1066.2,1068.3 1 1
micode.be.xiaomi.com/wangjing1/go-mysql-proxy/sqlparser/sql.go:1071.2,1073.3 1 0
micode.be.xiaomi.com/wangjing1/go-mysql-proxy/sqlparser/sql.go:1076.2,1078.3 1 1
micode.be.xiaomi.com/wangjing1/go-mysql-proxy/sqlparser/sql.go:1081.2,1083.3 1 0
micode.be.xiaomi.com/wangjing1/go-mysql-proxy/sqlparser/sql.go:1086.2,1088.3 1 1
micode.be.xiaomi.com/wangjing1/go-mysql-proxy/sqlparser/sql.go:1091.2,1093.3 1 0
micode.be.xiaomi.com/wangjing1/go-mysql-proxy/sqlparser/sql.go:1096.2,1098.3 1 0
micode.be.xiaomi.com/wangjing1/go-mysql-proxy/sqlparser/sql.go:1101.2,1103.3 1 0
micode.be.xiaomi.com/wangjing1/go-mysql-proxy/sqlparser/sql.go:1106.2,1108.3 1 0
micode.be.xiaomi.com/wangjing1/go-mysql-proxy/sqlparser/sql.go:1111.2,1113.3 1 0
micode.be.xiaomi.com/wangjing1/go-mysql-proxy/sqlparser/sql.go:1116.2,1118.3 1 0
micode.be.xiaomi.com/wangjing1/go-mysql-proxy/sqlparser/sql.go:1121.2,1123.3 1 0
micode.be.xiaomi.com/wangjing1/go-mysql-proxy/sqlparser/sql.go:1126.2,1128.3 1 1
micode.be.xiaomi.com/wangjing1/go-mysql-proxy/sqlparser/sql.go:1131.2,1133.3 1 0
micode.be.xiaomi.com/wangjing1/go-mysql-proxy/sqlparser/sql.go:1136.2,1138.3 1 0
micode.be.xiaomi.com/wangjing1/go-mysql-proxy/sqlparser/sql.go:1141.2,1143.3 1 1
micode.be.xiaomi.com/wangjing1/go-mysql-proxy/sqlparser/sql.go:1146.2,1148.3 1 0
micode.be.xiaomi.com/wangjing1/go-mysql-proxy/sqlparser/sql.go:1151.2,1153.3 1 0
micode.be.xiaomi.com/wangjing1/go-mysql-proxy/sqlparser/sql.go:1164.2,1166.3 1 1
micode.be.xiaomi.com/wangjing1/go-mysql-proxy/sqlparser/sql.go:1169.2,1171.3 1 1
micode.be.xiaomi.com/wangjing1/go-mysql-proxy/sqlparser/sql.go:1174.2,1176.3 1 1
micode.be.xiaomi.com/wangjing1/go-mysql-proxy/sqlparser/sql.go:1179.2,1181.3 1 0
micode.be.xiaomi.com/wangjing1/go-mysql-proxy/sqlparser/sql.go:1184.2,1186.3 1 1
micode.be.xiaomi.com/wangjing1/go-mysql-proxy/sqlparser/sql.go:1189.2,1191.3 1 1
micode.be.xiaomi.com/wangjing1/go-mysql-proxy/sqlparser/sql.go:1194.2,1196.3 1 1
micode.be.xiaomi.com/wangjing1/go-mysql-proxy/sqlparser/sql.go:1199.2,1201.3 1 0
micode.be.xiaomi.com/wangjing1/go-mysql-proxy/sqlparser/sql.go:1204.2,1206.3 1 1
micode.be.xiaomi.com/wangjing1/go-mysql-proxy/sqlparser/sql.go:1209.2,1211.3 1 0
micode.be.xiaomi.com/wangjing1/go-mysql-proxy/sqlparser/sql.go:1214.2,1216.3 1 1
micode.be.xiaomi.com/wangjing1/go-mysql-proxy/sqlparser/sql.go:1219.2,1221.3 1 0
micode.be.xiaomi.com/wangjing1/go-mysql-proxy/sqlparser/sql.go:1224.2,1226.3 1 1
micode.be.xiaomi.com/wangjing1/go-mysql-proxy/sqlparser/sql.go:1229.2,1231.3 1 0
micode.be.xiaomi.com/wangjing1/go-mysql-proxy/sqlparser/sql.go:1234.2,1236.3 1 1
micode.be.xiaomi.com/wangjing1/go-mysql-proxy/sqlparser/sql.go:1239.2,1241.3 1 0
micode.be.xiaomi.com/wangjing1/go-mysql-proxy/sqlparser/sql.go:1244.2,1246.3 1 0
micode.be.xiaomi.com/wangjing1/go-mysql-proxy/sqlparser/sql.go:1249.2,1251.3 1 0
micode.be.xiaomi.com/wangjing1/go-mysql-proxy/sqlparser/sql.go:1254.2,1256.3 1 0
micode.be.xiaomi.com/wangjing1/go-mysql-proxy/sqlparser/sql.go:1259.2,1261.3 1 0
micode.be.xiaomi.com/wangjing1/go-mysql-proxy/sqlparser/sql.go:1264.2,1266.3 1 0
micode.be.xiaomi.com/wangjing1/go-mysql-proxy/sqlparser/sql.go:1269.2,1271.3 1 0
micode.be.xiaomi.com/wangjing1/go-mysql-proxy/sqlparser/sql.go:1274.2,1276.3 1 0
micode.be.xiaomi.com/wangjing1/go-mysql-proxy/sqlparser/sql.go:1279.2,1281.3 1 0
micode.be.xiaomi.com/wangjing1/go-mysql-proxy/sqlparser/sql.go:1284.2,1286.3 1 0
micode.be.xiaomi.com/wangjing1/go-mysql-proxy/sqlparser/sql.go:1289.2,1291.3 1 0
micode.be.xiaomi.com/wangjing1/go-mysql-proxy/sqlparser/sql.go:1294.2,1296.3 1 0
micode.be.xiaomi.com/wangjing1/go-mysql-proxy/sqlparser/sql.go:1299.2,1301.3 1 0
micode.be.xiaomi.com/wangjing1/go-mysql-proxy/sqlparser/sql.go:1304.2,1306.3 1 0
micode.be.xiaomi.com/wangjing1/go-mysql-proxy/sqlparser/sql.go:1309.2,1311.3 1 0
micode.be.xiaomi.com/wangjing1/go-mysql-proxy/sqlparser/sql.go:1314.2,1316.3 1 0
micode.be.xiaomi.com/wangjing1/go-mysql-proxy/sqlparser/sql.go:1319.2,1321.3 1 0
micode.be.xiaomi.com/wangjing1/go-mysql-proxy/sqlparser/sql.go:1324.2,1326.3 1 1
micode.be.xiaomi.com/wangjing1/go-mysql-proxy/sqlparser/sql.go:1329.2,1331.3 1 1
micode.be.xiaomi.com/wangjing1/go-mysql-proxy/sqlparser/sql.go:227.3,229.4 1 1
micode.be.xiaomi.com/wangjing1/go-mysql-proxy/sqlparser/sql.go:232.3,234.4 1 1
micode.be.xiaomi.com/wangjing1/go-mysql-proxy/sqlparser/sql.go:269.3,271.4 1 1
micode.be.xiaomi.com/wangjing1/go-mysql-proxy/sqlparser/sql.go:274.3,276.4 1 1
micode.be.xiaomi.com/wangjing1/go-mysql-proxy/sqlparser/sql.go:279.3,281.4 1 0
micode.be.xiaomi.com/wangjing1/go-mysql-proxy/sqlparser/sql.go:284.3,286.4 1 1
micode.be.xiaomi.com/wangjing1/go-mysql-proxy/sqlparser/sql.go:289.3,292.48 3 0
micode.be.xiaomi.com/wangjing1/go-mysql-proxy/sqlparser/sql.go:296.4,296.173 1 0
micode.be.xiaomi.com/wangjing1/go-mysql-proxy/sqlparser/sql.go:292.48,295.5 2 0
micode.be.xiaomi.com/wangjing1/go-mysql-proxy/sqlparser/sql.go:300.3,302.4 1 0
micode.be.xiaomi.com/wangjing1/go-mysql-proxy/sqlparser/sql.go:305.3,308.48 3 0
micode.be.xiaomi.com/wangjing1/go-mysql-proxy/sqlparser/sql.go:312.4,312.135 1 0
micode.be.xiaomi.com/wangjing1/go-mysql-proxy/sqlparser/sql.go:308.48,311.5 2 0
micode.be.xiaomi.com/wangjing1/go-mysql-proxy/sqlparser/sql.go:316.3,318.4 1 1
micode.be.xiaomi.com/wangjing1/go-mysql-proxy/sqlparser/sql.go:321.3,323.4 1 1
micode.be.xiaomi.com/wangjing1/go-mysql-proxy/sqlparser/sql.go:326.3,328.4 1 0
micode.be.xiaomi.com/wangjing1/go-mysql-proxy/sqlparser/sql.go:331.3,333.4 1 1
micode.be.xiaomi.com/wangjing1/go-mysql-proxy/sqlparser/sql.go:336.3,338.4 1 0
micode.be.xiaomi.com/wangjing1/go-mysql-proxy/sqlparser/sql.go:341.3,343.4 1 0
micode.be.xiaomi.com/wangjing1/go-mysql-proxy/sqlparser/sql.go:346.3,348.4 1 0
micode.be.xiaomi.com/wangjing1/go-mysql-proxy/sqlparser/sql.go:351.3,353.4 1 0
micode.be.xiaomi.com/wangjing1/go-mysql-proxy/sqlparser/sql.go:356.3,358.4 1 1
micode.be.xiaomi.com/wangjing1/go-mysql-proxy/sqlparser/sql.go:361.3,363.4 1 1
micode.be.xiaomi.com/wangjing1/go-mysql-proxy/sqlparser/sql.go:366.3,368.4 1 1
micode.be.xiaomi.com/wangjing1/go-mysql-proxy/sqlparser/sql.go:371.3,373.4 1 1
micode.be.xiaomi.com/wangjing1/go-mysql-proxy/sqlparser/sql.go:376.3,378.4 1 1
micode.be.xiaomi.com/wangjing1/go-mysql-proxy/sqlparser/sql.go:381.3,383.4 1 0
micode.be.xiaomi.com/wangjing1/go-mysql-proxy/sqlparser/sql.go:386.3,388.4 1 0
micode.be.xiaomi.com/wangjing1/go-mysql-proxy/sqlparser/sql.go:391.3,394.4 1 0
micode.be.xiaomi.com/wangjing1/go-mysql-proxy/sqlparser/sql.go:397.3,399.4 1 0
micode.be.xiaomi.com/wangjing1/go-mysql-proxy/sqlparser/sql.go:402.3,404.4 1 0
micode.be.xiaomi.com/wangjing1/go-mysql-proxy/sqlparser/sql.go:407.3,410.4 1 0
micode.be.xiaomi.com/wangjing1/go-mysql-proxy/sqlparser/sql.go:413.3,415.4 1 0
micode.be.xiaomi.com/wangjing1/go-mysql-proxy/sqlparser/sql.go:418.3,420.4 1 0
micode.be.xiaomi.com/wangjing1/go-mysql-proxy/sqlparser/sql.go:423.3,425.4 1 0
micode.be.xiaomi.com/wangjing1/go-mysql-proxy/sqlparser/sql.go:428.3,431.4 1 0
micode.be.xiaomi.com/wangjing1/go-mysql-proxy/sqlparser/sql.go:434.3,436.4 1 0
micode.be.xiaomi.com/wangjing1/go-mysql-proxy/sqlparser/sql.go:439.3,441.4 1 0
micode.be.xiaomi.com/wangjing1/go-mysql-proxy/sqlparser/sql.go:444.3,446.4 1 0
micode.be.xiaomi.com/wangjing1/go-mysql-proxy/sqlparser/sql.go:449.3,451.4 1 0
micode.be.xiaomi.com/wangjing1/go-mysql-proxy/sqlparser/sql.go:454.3,456.4 1 1
micode.be.xiaomi.com/wangjing1/go-mysql-proxy/sqlparser/sql.go:459.3,462.4 2 1
micode.be.xiaomi.com/wangjing1/go-mysql-proxy/sqlparser/sql.go:465.3,467.4 1 1
micode.be.xiaomi.com/wangjing1/go-mysql-proxy/sqlparser/sql.go:470.3,472.4 1 1
micode.be.xiaomi.com/wangjing1/go-mysql-proxy/sqlparser/sql.go:475.3,477.4 1 0
micode.be.xiaomi.com/wangjing1/go-mysql-proxy/sqlparser/sql.go:480.3,482.4 1 0
micode.be.xiaomi.com/wangjing1/go-mysql-proxy/sqlparser/sql.go:485.3,487.4 1 0
micode.be.xiaomi.com/wangjing1/go-mysql-proxy/sqlparser/sql.go:490.3,492.4 1 0
micode.be.xiaomi.com/wangjing1/go-mysql-proxy/sqlparser/sql.go:495.3,497.4 1 0
micode.be.xiaomi.com/wangjing1/go-mysql-proxy/sqlparser/sql.go:500.3,502.4 1 1
micode.be.xiaomi.com/wangjing1/go-mysql-proxy/sqlparser/sql.go:505.3,507.4 1 0
micode.be.xiaomi.com/wangjing1/go-mysql-proxy/sqlparser/sql.go:510.3,512.4 1 1
micode.be.xiaomi.com/wangjing1/go-mysql-proxy/sqlparser/sql.go:515.3,517.4 1 0
micode.be.xiaomi.com/wangjing1/go-mysql-proxy/sqlparser/sql.go:520.3,522.4 1 1
micode.be.xiaomi.com/wangjing1/go-mysql-proxy/sqlparser/sql.go:525.3,527.4 1 1
micode.be.xiaomi.com/wangjing1/go-mysql-proxy/sqlparser/sql.go:530.3,532.4 1 0
micode.be.xiaomi.com/wangjing1/go-mysql-proxy/sqlparser/sql.go:535.3,537.4 1 0
micode.be.xiaomi.com/wangjing1/go-mysql-proxy/sqlparser/sql.go:540.3,542.4 1 1
micode.be.xiaomi.com/wangjing1/go-mysql-proxy/sqlparser/sql.go:545.3,547.4 1 1
micode.be.xiaomi.com/wangjing1/go-mysql-proxy/sqlparser/sql.go:550.3,552.4 1 0
micode.be.xiaomi.com/wangjing1/go-mysql-proxy/sqlparser/sql.go:555.3,557.4 1 1
micode.be.xiaomi.com/wangjing1/go-mysql-proxy/sqlparser/sql.go:560.3,562.4 1 1
micode.be.xiaomi.com/wangjing1/go-mysql-proxy/sqlparser/sql.go:565.3,567.4 1 0
micode.be.xiaomi.com/wangjing1/go-mysql-proxy/sqlparser/sql.go:570.3,572.4 1 1
micode.be.xiaomi.com/wangjing1/go-mysql-proxy/sqlparser/sql.go:575.3,577.4 1 0
micode.be.xiaomi.com/wangjing1/go-mysql-proxy/sqlparser/sql.go:580.3,582.4 1 0
micode.be.xiaomi.com/wangjing1/go-mysql-proxy/sqlparser/sql.go:585.3,587.4 1 0
micode.be.xiaomi.com/wangjing1/go-mysql-proxy/sqlparser/sql.go:590.3,592.4 1 1
micode.be.xiaomi.com/wangjing1/go-mysql-proxy/sqlparser/sql.go:595.3,597.4 1 0
micode.be.xiaomi.com/wangjing1/go-mysql-proxy/sqlparser/sql.go:600.3,602.4 1 0
micode.be.xiaomi.com/wangjing1/go-mysql-proxy/sqlparser/sql.go:605.3,607.4 1 0
micode.be.xiaomi.com/wangjing1/go-mysql-proxy/sqlparser/sql.go:610.3,612.4 1 0
micode.be.xiaomi.com/wangjing1/go-mysql-proxy/sqlparser/sql.go:615.3,617.4 1 0
micode.be.xiaomi.com/wangjing1/go-mysql-proxy/sqlparser/sql.go:620.3,622.4 1 0
micode.be.xiaomi.com/wangjing1/go-mysql-proxy/sqlparser/sql.go:625.3,627.4 1 0
micode.be.xiaomi.com/wangjing1/go-mysql-proxy/sqlparser/sql.go:630.3,632.4 1 0
micode.be.xiaomi.com/wangjing1/go-mysql-proxy/sqlparser/sql.go:635.3,637.4 1 0
micode.be.xiaomi.com/wangjing1/go-mysql-proxy/sqlparser/sql.go:640.3,642.4 1 0
micode.be.xiaomi.com/wangjing1/go-mysql-proxy/sqlparser/sql.go:645.3,647.4 1 0
micode.be.xiaomi.com/wangjing1/go-mysql-proxy/sqlparser/sql.go:650.3,652.4 1 1
micode.be.xiaomi.com/wangjing1/go-mysql-proxy/sqlparser/sql.go:655.3,657.4 1 0
micode.be.xiaomi.com/wangjing1/go-mysql-proxy/sqlparser/sql.go:660.3,662.4 1 0
micode.be.xiaomi.com/wangjing1/go-mysql-proxy/sqlparser/sql.go:665.3,667.4 1 1
micode.be.xiaomi.com/wangjing1/go-mysql-proxy/sqlparser/sql.go:670.3,672.4 1 1
micode.be.xiaomi.com/wangjing1/go-mysql-proxy/sqlparser/sql.go:675.3,677.4 1 1
micode.be.xiaomi.com/wangjing1/go-mysql-proxy/sqlparser/sql.go:680.3,682.4 1 0
micode.be.xiaomi.com/wangjing1/go-mysql-proxy/sqlparser/sql.go:685.3,687.4 1 0
micode.be.xiaomi.com/wangjing1/go-mysql-proxy/sqlparser/sql.go:690.3,692.4 1 0
micode.be.xiaomi.com/wangjing1/go-mysql-proxy/sqlparser/sql.go:695.3,697.4 1 0
micode.be.xiaomi.com/wangjing1/go-mysql-proxy/sqlparser/sql.go:700.3,702.4 1 0
micode.be.xiaomi.com/wangjing1/go-mysql-proxy/sqlparser/sql.go:705.3,707.4 1 1
micode.be.xiaomi.com/wangjing1/go-mysql-proxy/sqlparser/sql.go:710.3,712.4 1 1
micode.be.xiaomi.com/wangjing1/go-mysql-proxy/sqlparser/sql.go:715.3,717.4 1 1
micode.be.xiaomi.com/wangjing1/go-mysql-proxy/sqlparser/sql.go:720.3,722.4 1 1
micode.be.xiaomi.com/wangjing1/go-mysql-proxy/sqlparser/sql.go:725.3,727.4 1 1
micode.be.xiaomi.com/wangjing1/go-mysql-proxy/sqlparser/sql.go:730.3,732.4 1 1
micode.be.xiaomi.com/wangjing1/go-mysql-proxy/sqlparser/sql.go:735.3,737.4 1 1
micode.be.xiaomi.com/wangjing1/go-mysql-proxy/sqlparser/sql.go:742.3,744.4 1 1
micode.be.xiaomi.com/wangjing1/go-mysql-proxy/sqlparser/sql.go:747.3,749.4 1 1
micode.be.xiaomi.com/wangjing1/go-mysql-proxy/sqlparser/sql.go:752.3,754.4 1 0
micode.be.xiaomi.com/wangjing1/go-mysql-proxy/sqlparser/sql.go:757.3,759.4 1 1
micode.be.xiaomi.com/wangjing1/go-mysql-proxy/sqlparser/sql.go:762.3,764.4 1 1
micode.be.xiaomi.com/wangjing1/go-mysql-proxy/sqlparser/sql.go:767.3,769.4 1 1
micode.be.xiaomi.com/wangjing1/go-mysql-proxy/sqlparser/sql.go:772.3,774.4 1 1
micode.be.xiaomi.com/wangjing1/go-mysql-proxy/sqlparser/sql.go:777.3,779.4 1 0
micode.be.xiaomi.com/wangjing1/go-mysql-proxy/sqlparser/sql.go:782.3,784.4 1 0
micode.be.xiaomi.com/wangjing1/go-mysql-proxy/sqlparser/sql.go:787.3,789.4 1 1
micode.be.xiaomi.com/wangjing1/go-mysql-proxy/sqlparser/sql.go:792.3,794.4 1 1
micode.be.xiaomi.com/wangjing1/go-mysql-proxy/sqlparser/sql.go:797.3,799.4 1 0
micode.be.xiaomi.com/wangjing1/go-mysql-proxy/sqlparser/sql.go:802.3,804.4 1 0
micode.be.xiaomi.com/wangjing1/go-mysql-proxy/sqlparser/sql.go:807.3,809.4 1 0
micode.be.xiaomi.com/wangjing1/go-mysql-proxy/sqlparser/sql.go:812.3,814.4 1 1
micode.be.xiaomi.com/wangjing1/go-mysql-proxy/sqlparser/sql.go:817.3,819.4 1 1
micode.be.xiaomi.com/wangjing1/go-mysql-proxy/sqlparser/sql.go:822.3,824.4 1 1
micode.be.xiaomi.com/wangjing1/go-mysql-proxy/sqlparser/sql.go:827.3,829.4 1 1
micode.be.xiaomi.com/wangjing1/go-mysql-proxy/sqlparser/sql.go:832.3,834.4 1 1
micode.be.xiaomi.com/wangjing1/go-mysql-proxy/sqlparser/sql.go:837.3,839.4 1 0
micode.be.xiaomi.com/wangjing1/go-mysql-proxy/sqlparser/sql.go:842.3,844.4 1 0
micode.be.xiaomi.com/wangjing1/go-mysql-proxy/sqlparser/sql.go:847.3,849.4 1 1
micode.be.xiaomi.com/wangjing1/go-mysql-proxy/sqlparser/sql.go:852.3,854.4 1 0
micode.be.xiaomi.com/wangjing1/go-mysql-proxy/sqlparser/sql.go:857.3,859.4 1 1
micode.be.xiaomi.com/wangjing1/go-mysql-proxy/sqlparser/sql.go:862.3,864.4 1 0
micode.be.xiaomi.com/wangjing1/go-mysql-proxy/sqlparser/sql.go:867.3,869.4 1 1
micode.be.xiaomi.com/wangjing1/go-mysql-proxy/sqlparser/sql.go:872.3,874.4 1 1
micode.be.xiaomi.com/wangjing1/go-mysql-proxy/sqlparser/sql.go:877.3,879.4 1 1
micode.be.xiaomi.com/wangjing1/go-mysql-proxy/sqlparser/sql.go:882.3,884.4 1 1
micode.be.xiaomi.com/wangjing1/go-mysql-proxy/sqlparser/sql.go:887.3,889.4 1 0
micode.be.xiaomi.com/wangjing1/go-mysql-proxy/sqlparser/sql.go:892.3,894.4 1 0
micode.be.xiaomi.com/wangjing1/go-mysql-proxy/sqlparser/sql.go:897.3,899.4 1 0
micode.be.xiaomi.com/wangjing1/go-mysql-proxy/sqlparser/sql.go:902.3,904.4 1 0
micode.be.xiaomi.com/wangjing1/go-mysql-proxy/sqlparser/sql.go:907.3,909.4 1 0
micode.be.xiaomi.com/wangjing1/go-mysql-proxy/sqlparser/sql.go:912.3,914.4 1 0
micode.be.xiaomi.com/wangjing1/go-mysql-proxy/sqlparser/sql.go:917.3,919.4 1 0
micode.be.xiaomi.com/wangjing1/go-mysql-proxy/sqlparser/sql.go:922.3,924.4 1 0
micode.be.xiaomi.com/wangjing1/go-mysql-proxy/sqlparser/sql.go:927.3,929.4 1 0
micode.be.xiaomi.com/wangjing1/go-mysql-proxy/sqlparser/sql.go:932.3,933.51 1 1
micode.be.xiaomi.com/wangjing1/go-mysql-proxy/sqlparser/sql.go:933.51,934.28 1 1
micode.be.xiaomi.com/wangjing1/go-mysql-proxy/sqlparser/sql.go:935.5,936.49 1 1
micode.be.xiaomi.com/wangjing1/go-mysql-proxy/sqlparser/sql.go:937.5,938.25 1 0
micode.be.xiaomi.com/wangjing1/go-mysql-proxy/sqlparser/sql.go:939.5,940.86 1 0
micode.be.xiaomi.com/wangjing1/go-mysql-proxy/sqlparser/sql.go:942.5,944.5 1 0
micode.be.xiaomi.com/wangjing1/go-mysql-proxy/sqlparser/sql.go:948.3,950.4 1 1
micode.be.xiaomi.com/wangjing1/go-mysql-proxy/sqlparser/sql.go:953.3,955.4 1 0
micode.be.xiaomi.com/wangjing1/go-mysql-proxy/sqlparser/sql.go:958.3,960.4 1 0
micode.be.xiaomi.com/wangjing1/go-mysql-proxy/sqlparser/sql.go:963.3,965.4 1 0
micode.be.xiaomi.com/wangjing1/go-mysql-proxy/sqlparser/sql.go:968.3,970.4 1 0
micode.be.xiaomi.com/wangjing1/go-mysql-proxy/sqlparser/sql.go:973.3,975.4 1 0
micode.be.xiaomi.com/wangjing1/go-mysql-proxy/sqlparser/sql.go:978.3,980.4 1 0
micode.be.xiaomi.com/wangjing1/go-mysql-proxy/sqlparser/sql.go:983.3,985.4 1 0
micode.be.xiaomi.com/wangjing1/go-mysql-proxy/sqlparser/sql.go:988.3,990.4 1 1
micode.be.xiaomi.com/wangjing1/go-mysql-proxy/sqlparser/sql.go:993.3,995.4 1 0
micode.be.xiaomi.com/wangjing1/go-mysql-proxy/sqlparser/sql.go:998.3,1000.4 1 0
micode.be.xiaomi.com/wangjing1/go-mysql-proxy/sqlparser/sql.go:1003.3,1005.4 1 0
micode.be.xiaomi.com/wangjing1/go-mysql-proxy/sqlparser/sql.go:1008.3,1010.4 1 0
micode.be.xiaomi.com/wangjing1/go-mysql-proxy/sqlparser/sql.go:1013.3,1015.4 1 0
micode.be.xiaomi.com/wangjing1/go-mysql-proxy/sqlparser/sql.go:1018.3,1020.4 1 0
micode.be.xiaomi.com/wangjing1/go-mysql-proxy/sqlparser/sql.go:1023.3,1025.4 1 0
micode.be.xiaomi.com/wangjing1/go-mysql-proxy/sqlparser/sql.go:1028.3,1030.4 1 0
micode.be.xiaomi.com/wangjing1/go-mysql-proxy/sqlparser/sql.go:1033.3,1035.4 1 0
micode.be.xiaomi.com/wangjing1/go-mysql-proxy/sqlparser/sql.go:1038.3,1040.4 1 1
micode.be.xiaomi.com/wangjing1/go-mysql-proxy/sqlparser/sql.go:1043.3,1045.4 1 0
micode.be.xiaomi.com/wangjing1/go-mysql-proxy/sqlparser/sql.go:1048.3,1050.4 1 0
micode.be.xiaomi.com/wangjing1/go-mysql-proxy/sqlparser/sql.go:1053.3,1055.4 1 1
micode.be.xiaomi.com/wangjing1/go-mysql-proxy/sqlparser/sql.go:1058.3,1060.4 1 1
micode.be.xiaomi.com/wangjing1/go-mysql-proxy/sqlparser/sql.go:1063.3,1065.4 1 0
micode.be.xiaomi.com/wangjing1/go-mysql-proxy/sqlparser/sql.go:1068.3,1070.4 1 1
micode.be.xiaomi.com/wangjing1/go-mysql-proxy/sqlparser/sql.go:1073.3,1075.4 1 0
micode.be.xiaomi.com/wangjing1/go-mysql-proxy/sqlparser/sql.go:1078.3,1080.4 1 1
micode.be.xiaomi.com/wangjing1/go-mysql-proxy/sqlparser/sql.go:1083.3,1085.4 1 0
micode.be.xiaomi.com/wangjing1/go-mysql-proxy/sqlparser/sql.go:1088.3,1090.4 1 1
micode.be.xiaomi.com/wangjing1/go-mysql-proxy/sqlparser/sql.go:1093.3,1095.4 1 0
micode.be.xiaomi.com/wangjing1/go-mysql-proxy/sqlparser/sql.go:1098.3,1100.4 1 0
micode.be.xiaomi.com/wangjing1/go-mysql-proxy/sqlparser/sql.go:1103.3,1105.4 1 0
micode.be.xiaomi.com/wangjing1/go-mysql-proxy/sqlparser/sql.go:1108.3,1110.4 1 0
micode.be.xiaomi.com/wangjing1/go-mysql-proxy/sqlparser/sql.go:1113.3,1115.4 1 0
micode.be.xiaomi.com/wangjing1/go-mysql-proxy/sqlparser/sql.go:1118.3,1120.4 1 0
micode.be.xiaomi.com/wangjing1/go-mysql-proxy/sqlparser/sql.go:1123.3,1125.4 1 0
micode.be.xiaomi.com/wangjing1/go-mysql-proxy/sqlparser/sql.go:1128.3,1130.4 1 1
micode.be.xiaomi.com/wangjing1/go-mysql-proxy/sqlparser/sql.go:1133.3,1135.4 1 0
micode.be.xiaomi.com/wangjing1/go-mysql-proxy/sqlparser/sql.go:1138.3,1140.4 1 0
micode.be.xiaomi.com/wangjing1/go-mysql-proxy/sqlparser/sql.go:1143.3,1145.4 1 1
micode.be.xiaomi.com/wangjing1/go-mysql-proxy/sqlparser/sql.go:1148.3,1150.4 1 0
micode.be.xiaomi.com/wangjing1/go-mysql-proxy/sqlparser/sql.go:1153.3,1154.46 1 0
micode.be.xiaomi.com/wangjing1/go-mysql-proxy/sqlparser/sql.go:1158.4,1158.45 1 0
micode.be.xiaomi.com/wangjing1/go-mysql-proxy/sqlparser/sql.go:1162.4,1162.30 1 0
micode.be.xiaomi.com/wangjing1/go-mysql-proxy/sqlparser/sql.go:1154.46,1157.5 2 0
micode.be.xiaomi.com/wangjing1/go-mysql-proxy/sqlparser/sql.go:1158.45,1161.5 2 0
micode.be.xiaomi.com/wangjing1/go-mysql-proxy/sqlparser/sql.go:1166.3,1168.4 1 1
micode.be.xiaomi.com/wangjing1/go-mysql-proxy/sqlparser/sql.go:1171.3,1173.4 1 1
micode.be.xiaomi.com/wangjing1/go-mysql-proxy/sqlparser/sql.go:1176.3,1178.4 1 1
micode.be.xiaomi.com/wangjing1/go-mysql-proxy/sqlparser/sql.go:1181.3,1183.4 1 0
micode.be.xiaomi.com/wangjing1/go-mysql-proxy/sqlparser/sql.go:1186.3,1188.4 1 1
micode.be.xiaomi.com/wangjing1/go-mysql-proxy/sqlparser/sql.go:1191.3,1193.4 1 1
micode.be.xiaomi.com/wangjing1/go-mysql-proxy/sqlparser/sql.go:1196.3,1198.4 1 1
micode.be.xiaomi.com/wangjing1/go-mysql-proxy/sqlparser/sql.go:1201.3,1203.4 1 0
micode.be.xiaomi.com/wangjing1/go-mysql-proxy/sqlparser/sql.go:1206.3,1208.4 1 1
micode.be.xiaomi.com/wangjing1/go-mysql-proxy/sqlparser/sql.go:1211.3,1213.4 1 0
micode.be.xiaomi.com/wangjing1/go-mysql-proxy/sqlparser/sql.go:1216.3,1218.4 1 1
micode.be.xiaomi.com/wangjing1/go-mysql-proxy/sqlparser/sql.go:1221.3,1223.4 1 0
micode.be.xiaomi.com/wangjing1/go-mysql-proxy/sqlparser/sql.go:1226.3,1228.4 1 1
micode.be.xiaomi.com/wangjing1/go-mysql-proxy/sqlparser/sql.go:1231.3,1233.4 1 0
micode.be.xiaomi.com/wangjing1/go-mysql-proxy/sqlparser/sql.go:1236.3,1238.4 1 1
micode.be.xiaomi.com/wangjing1/go-mysql-proxy/sqlparser/sql.go:1241.3,1243.4 1 0
micode.be.xiaomi.com/wangjing1/go-mysql-proxy/sqlparser/sql.go:1246.3,1248.4 1 0
micode.be.xiaomi.com/wangjing1/go-mysql-proxy/sqlparser/sql.go:1251.3,1253.4 1 0
micode.be.xiaomi.com/wangjing1/go-mysql-proxy/sqlparser/sql.go:1256.3,1258.4 1 0
micode.be.xiaomi.com/wangjing1/go-mysql-proxy/sqlparser/sql.go:1261.3,1263.4 1 0
micode.be.xiaomi.com/wangjing1/go-mysql-proxy/sqlparser/sql.go:1266.3,1268.4 1 0
micode.be.xiaomi.com/wangjing1/go-mysql-proxy/sqlparser/sql.go:1271.3,1273.4 1 0
micode.be.xiaomi.com/wangjing1/go-mysql-proxy/sqlparser/sql.go:1276.3,1278.4 1 0
micode.be.xiaomi.com/wangjing1/go-mysql-proxy/sqlparser/sql.go:1281.3,1283.4 1 0
micode.be.xiaomi.com/wangjing1/go-mysql-proxy/sqlparser/sql.go:1286.3,1288.4 1 0
micode.be.xiaomi.com/wangjing1/go-mysql-proxy/sqlparser/sql.go:1291.3,1293.4 1 0
micode.be.xiaomi.com/wangjing1/go-mysql-proxy/sqlparser/sql.go:1296.3,1298.4 1 0
micode.be.xiaomi.com/wangjing1/go-mysql-proxy/sqlparser/sql.go:1301.3,1303.4 1 0
micode.be.xiaomi.com/wangjing1/go-mysql-proxy/sqlparser/sql.go:1306.3,1308.4 1 0
micode.be.xiaomi.com/wangjing1/go-mysql-proxy/sqlparser/sql.go:1311.3,1313.4 1 0
micode.be.xiaomi.com/wangjing1/go-mysql-proxy/sqlparser/sql.go:1316.3,1318.4 1 0
micode.be.xiaomi.com/wangjing1/go-mysql-proxy/sqlparser/sql.go:1321.3,1323.4 1 0
micode.be.xiaomi.com/wangjing1/go-mysql-proxy/sqlparser/sql.go:1326.3,1328.4 1 1
micode.be.xiaomi.com/wangjing1/go-mysql-proxy/sqlparser/sql.go:1331.3,1333.4 1 1
micode.be.xiaomi.com/wangjing1/go-mysql-proxy/sqlparser/token.go:33.48,35.2 1 1
micode.be.xiaomi.com/wangjing1/go-mysql-proxy/sqlparser/token.go:125.48,127.21 2 1
micode.be.xiaomi.com/wangjing1/go-mysql-proxy/sqlparser/token.go:133.2,133.13 1 1
micode.be.xiaomi.com/wangjing1/go-mysql-proxy/sqlparser/token.go:137.2,138.12 2 1
micode.be.xiaomi.com/wangjing1/go-mysql-proxy/sqlparser/token.go:127.21,128.24 1 1
micode.be.xiaomi.com/wangjing1/go-mysql-proxy/sqlparser/token.go:131.3,131.24 1 0
micode.be.xiaomi.com/wangjing1/go-mysql-proxy/sqlparser/token.go:128.24,129.9 1 1
micode.be.xiaomi.com/wangjing1/go-mysql-proxy/sqlparser/token.go:134.2,135.19 1 1
micode.be.xiaomi.com/wangjing1/go-mysql-proxy/sqlparser/token.go:142.41,144.27 2 1
micode.be.xiaomi.com/wangjing1/go-mysql-proxy/sqlparser/token.go:149.2,149.30 1 1
micode.be.xiaomi.com/wangjing1/go-mysql-proxy/sqlparser/token.go:144.27,146.3 1 1
micode.be.xiaomi.com/wangjing1/go-mysql-proxy/sqlparser/token.go:146.3,148.3 1 0
micode.be.xiaomi.com/wangjing1/go-mysql-proxy/sqlparser/token.go:154.44,155.18 1 1
micode.be.xiaomi.com/wangjing1/go-mysql-proxy/sqlparser/token.go:159.2,159.23 1 1
micode.be.xiaomi.com/wangjing1/go-mysql-proxy/sqlparser/token.go:162.2,163.29 2 1
micode.be.xiaomi.com/wangjing1/go-mysql-proxy/sqlparser/token.go:155.18,157.3 1 1
micode.be.xiaomi.com/wangjing1/go-mysql-proxy/sqlparser/token.go:159.23,161.3 1 1
micode.be.xiaomi.com/wangjing1/go-mysql-proxy/sqlparser/token.go:164.2,165.30 1 1
micode.be.xiaomi.com/wangjing1/go-mysql-proxy/sqlparser/token.go:166.2,167.31 1 1
micode.be.xiaomi.com/wangjing1/go-mysql-proxy/sqlparser/token.go:168.2,169.27 1 1
micode.be.xiaomi.com/wangjing1/go-mysql-proxy/sqlparser/token.go:170.2,172.13 2 1
micode.be.xiaomi.com/wangjing1/go-mysql-proxy/sqlparser/token.go:173.3,174.17 1 1
micode.be.xiaomi.com/wangjing1/go-mysql-proxy/sqlparser/token.go:175.3,176.23 1 1
micode.be.xiaomi.com/wangjing1/go-mysql-proxy/sqlparser/token.go:177.3,181.33 4 1
micode.be.xiaomi.com/wangjing1/go-mysql-proxy/sqlparser/token.go:182.3,183.29 1 1
micode.be.xiaomi.com/wangjing1/go-mysql-proxy/sqlparser/token.go:188.3,189.24 1 1
micode.be.xiaomi.com/wangjing1/go-mysql-proxy/sqlparser/token.go:199.3,200.27 1 1
micode.be.xiaomi.com/wangjing1/go-mysql-proxy/sqlparser/token.go:206.3,207.24 1 1
micode.be.xiaomi.com/wangjing1/go-mysql-proxy/sqlparser/token.go:223.3,224.27 1 1
micode.be.xiaomi.com/wangjing1/go-mysql-proxy/sqlparser/token.go:230.3,231.27 1 0
micode.be.xiaomi.com/wangjing1/go-mysql-proxy/sqlparser/token.go:237.3,238.37 1 0
micode.be.xiaomi.com/wangjing1/go-mysql-proxy/sqlparser/token.go:239.3,240.38 1 0
micode.be.xiaomi.com/wangjing1/go-mysql-proxy/sqlparser/token.go:241.3,242.38 1 0
micode.be.xiaomi.com/wangjing1/go-mysql-proxy/sqlparser/token.go:183.29,185.5 1 0
micode.be.xiaomi.com/wangjing1/go-mysql-proxy/sqlparser/token.go:185.5,187.5 1 1
micode.be.xiaomi.com/wangjing1/go-mysql-proxy/sqlparser/token.go:190.4,192.38 2 0
micode.be.xiaomi.com/wangjing1/go-mysql-proxy/sqlparser/token.go:193.4,195.34 2 1
micode.be.xiaomi.com/wangjing1/go-mysql-proxy/sqlparser/token.go:196.4,197.24 1 0
micode.be.xiaomi.com/wangjing1/go-mysql-proxy/sqlparser/token.go:200.27,203.5 2 0
micode.be.xiaomi.com/wangjing1/go-mysql-proxy/sqlparser/token.go:203.5,205.5 1 1
micode.be.xiaomi.com/wangjing1/go-mysql-proxy/sqlparser/token.go:208.4,210.19 2 0
micode.be.xiaomi.com/wangjing1/go-mysql-proxy/sqlparser/token.go:211.4,213.25 2 1
micode.be.xiaomi.com/wangjing1/go-mysql-proxy/sqlparser/token.go:220.4,221.24 1 1
micode.be.xiaomi.com/wangjing1/go-mysql-proxy/sqlparser/token.go:214.5,216.33 2 0
micode.be.xiaomi.com/wangjing1/go-mysql-proxy/sqlparser/token.go:217.5,218.20 1 1
micode.be.xiaomi.com/wangjing1/go-mysql-proxy/sqlparser/token.go:224.27,227.5 2 1
micode.be.xiaomi.com/wangjing1/go-mysql-proxy/sqlparser/token.go:227.5,229.5 1 1
micode.be.xiaomi.com/wangjing1/go-mysql-proxy/sqlparser/token.go:231.27,234.5 2 0
micode.be.xiaomi.com/wangjing1/go-mysql-proxy/sqlparser/token.go:234.5,236.5 1 0
micode.be.xiaomi.com/wangjing1/go-mysql-proxy/sqlparser/token.go:247.35,249.58 2 1
micode.be.xiaomi.com/wangjing1/go-mysql-proxy/sqlparser/token.go:249.58,252.3 2 1
micode.be.xiaomi.com/wangjing1/go-mysql-proxy/sqlparser/token.go:255.54,258.78 3 1
micode.be.xiaomi.com/wangjing1/go-mysql-proxy/sqlparser/token.go:261.2,262.58 2 1
micode.be.xiaomi.com/wangjing1/go-mysql-proxy/sqlparser/token.go:265.2,265.27 1 1
micode.be.xiaomi.com/wangjing1/go-mysql-proxy/sqlparser/token.go:258.78,260.3 1 1
micode.be.xiaomi.com/wangjing1/go-mysql-proxy/sqlparser/token.go:262.58,264.3 1 1
micode.be.xiaomi.com/wangjing1/go-mysql-proxy/sqlparser/token.go:268.61,271.29 3 0
micode.be.xiaomi.com/wangjing1/go-mysql-proxy/sqlparser/token.go:274.2,274.78 1 0
micode.be.xiaomi.com/wangjing1/go-mysql-proxy/sqlparser/token.go:277.2,277.25 1 0
micode.be.xiaomi.com/wangjing1/go-mysql-proxy/sqlparser/token.go:280.2,281.27 2 0
micode.be.xiaomi.com/wangjing1/go-mysql-proxy/sqlparser/token.go:271.29,273.3 1 0
micode.be.xiaomi.com/wangjing1/go-mysql-proxy/sqlparser/token.go:274.78,276.3 1 0
micode.be.xiaomi.com/wangjing1/go-mysql-proxy/sqlparser/token.go:277.25,279.3 1 0
micode.be.xiaomi.com/wangjing1/go-mysql-proxy/sqlparser/token.go:284.51,289.25 5 1
micode.be.xiaomi.com/wangjing1/go-mysql-proxy/sqlparser/token.go:294.2,294.29 1 1
micode.be.xiaomi.com/wangjing1/go-mysql-proxy/sqlparser/token.go:297.2,297.77 1 1
micode.be.xiaomi.com/wangjing1/go-mysql-proxy/sqlparser/token.go:301.2,301.30 1 1
micode.be.xiaomi.com/wangjing1/go-mysql-proxy/sqlparser/token.go:289.25,293.3 3 1
micode.be.xiaomi.com/wangjing1/go-mysql-proxy/sqlparser/token.go:294.29,296.3 1 0
micode.be.xiaomi.com/wangjing1/go-mysql-proxy/sqlparser/token.go:297.77,300.3 2 1
micode.be.xiaomi.com/wangjing1/go-mysql-proxy/sqlparser/token.go:304.68,305.36 1 1
micode.be.xiaomi.com/wangjing1/go-mysql-proxy/sqlparser/token.go:305.36,307.3 1 1
micode.be.xiaomi.com/wangjing1/go-mysql-proxy/sqlparser/token.go:310.71,312.22 2 1
micode.be.xiaomi.com/wangjing1/go-mysql-proxy/sqlparser/token.go:318.2,318.25 1 1
micode.be.xiaomi.com/wangjing1/go-mysql-proxy/sqlparser/token.go:346.2,349.25 2 1
micode.be.xiaomi.com/wangjing1/go-mysql-proxy/sqlparser/token.go:354.1,355.48 1 1
micode.be.xiaomi.com/wangjing1/go-mysql-proxy/sqlparser/token.go:363.1,364.31 1 1
micode.be.xiaomi.com/wangjing1/go-mysql-proxy/sqlparser/token.go:312.22,315.16 3 0
micode.be.xiaomi.com/wangjing1/go-mysql-proxy/sqlparser/token.go:318.25,321.49 2 0
micode.be.xiaomi.com/wangjing1/go-mysql-proxy/sqlparser/token.go:342.3,342.12 1 0
micode.be.xiaomi.com/wangjing1/go-mysql-proxy/sqlparser/token.go:321.49,325.4 2 0
micode.be.xiaomi.com/wangjing1/go-mysql-proxy/sqlparser/token.go:325.4,329.50 3 0
micode.be.xiaomi.com/wangjing1/go-mysql-proxy/sqlparser/token.go:334.4,334.73 1 0
micode.be.xiaomi.com/wangjing1/go-mysql-proxy/sqlparser/token.go:338.4,338.24 1 0
micode.be.xiaomi.com/wangjing1/go-mysql-proxy/sqlparser/token.go:329.50,333.5 2 0
micode.be.xiaomi.com/wangjing1/go-mysql-proxy/sqlparser/token.go:334.73,335.18 1 0
micode.be.xiaomi.com/wangjing1/go-mysql-proxy/sqlparser/token.go:338.24,340.5 1 0
micode.be.xiaomi.com/wangjing1/go-mysql-proxy/sqlparser/token.go:349.25,352.3 2 0
micode.be.xiaomi.com/wangjing1/go-mysql-proxy/sqlparser/token.go:355.48,357.49 2 0
micode.be.xiaomi.com/wangjing1/go-mysql-proxy/sqlparser/token.go:360.3,360.31 1 0
micode.be.xiaomi.com/wangjing1/go-mysql-proxy/sqlparser/token.go:357.49,359.4 1 0
micode.be.xiaomi.com/wangjing1/go-mysql-proxy/sqlparser/token.go:367.71,369.6 2 0
micode.be.xiaomi.com/wangjing1/go-mysql-proxy/sqlparser/token.go:394.2,394.28 1 0
micode.be.xiaomi.com/wangjing1/go-mysql-proxy/sqlparser/token.go:369.6,372.18 3 0
micode.be.xiaomi.com/wangjing1/go-mysql-proxy/sqlparser/token.go:389.3,389.20 1 0
micode.be.xiaomi.com/wangjing1/go-mysql-proxy/sqlparser/token.go:392.3,392.29 1 0
micode.be.xiaomi.com/wangjing1/go-mysql-proxy/sqlparser/token.go:372.18,373.29 1 0
micode.be.xiaomi.com/wangjing1/go-mysql-proxy/sqlparser/token.go:373.29,375.5 1 0
micode.be.xiaomi.com/wangjing1/go-mysql-proxy/sqlparser/token.go:375.5,376.10 1 0
micode.be.xiaomi.com/wangjing1/go-mysql-proxy/sqlparser/token.go:378.4,378.24 1 0
micode.be.xiaomi.com/wangjing1/go-mysql-proxy/sqlparser/token.go:378.24,379.31 1 0
micode.be.xiaomi.com/wangjing1/go-mysql-proxy/sqlparser/token.go:382.4,382.100 1 0
micode.be.xiaomi.com/wangjing1/go-mysql-proxy/sqlparser/token.go:387.4,387.14 1 0
micode.be.xiaomi.com/wangjing1/go-mysql-proxy/sqlparser/token.go:379.31,381.5 1 0
micode.be.xiaomi.com/wangjing1/go-mysql-proxy/sqlparser/token.go:382.100,384.5 1 0
micode.be.xiaomi.com/wangjing1/go-mysql-proxy/sqlparser/token.go:384.5,386.5 1 0
micode.be.xiaomi.com/wangjing1/go-mysql-proxy/sqlparser/token.go:389.20,391.4 1 0
micode.be.xiaomi.com/wangjing1/go-mysql-proxy/sqlparser/token.go:397.69,400.30 3 0
micode.be.xiaomi.com/wangjing1/go-mysql-proxy/sqlparser/token.go:407.2,407.32 1 0
micode.be.xiaomi.com/wangjing1/go-mysql-proxy/sqlparser/token.go:400.30,401.27 1 0
micode.be.xiaomi.com/wangjing1/go-mysql-proxy/sqlparser/token.go:405.3,405.26 1 0
micode.be.xiaomi.com/wangjing1/go-mysql-proxy/sqlparser/token.go:401.27,403.9 2 0
micode.be.xiaomi.com/wangjing1/go-mysql-proxy/sqlparser/token.go:410.56,413.6 3 1
micode.be.xiaomi.com/wangjing1/go-mysql-proxy/sqlparser/token.go:427.2,427.32 1 1
micode.be.xiaomi.com/wangjing1/go-mysql-proxy/sqlparser/token.go:413.6,414.26 1 1
micode.be.xiaomi.com/wangjing1/go-mysql-proxy/sqlparser/token.go:422.3,422.30 1 1
micode.be.xiaomi.com/wangjing1/go-mysql-proxy/sqlparser/token.go:425.3,425.26 1 1
micode.be.xiaomi.com/wangjing1/go-mysql-proxy/sqlparser/token.go:414.26,416.27 2 1
micode.be.xiaomi.com/wangjing1/go-mysql-proxy/sqlparser/token.go:420.4,420.12 1 0
micode.be.xiaomi.com/wangjing1/go-mysql-proxy/sqlparser/token.go:416.27,418.10 2 1
micode.be.xiaomi.com/wangjing1/go-mysql-proxy/sqlparser/token.go:422.30,424.4 1 0
micode.be.xiaomi.com/wangjing1/go-mysql-proxy/sqlparser/token.go:430.57,431.29 1 1
micode.be.xiaomi.com/wangjing1/go-mysql-proxy/sqlparser/token.go:435.2,436.12 2 1
micode.be.xiaomi.com/wangjing1/go-mysql-proxy/sqlparser/token.go:431.29,434.3 1 0
micode.be.xiaomi.com/wangjing1/go-mysql-proxy/sqlparser/token.go:439.30,440.52 1 1
micode.be.xiaomi.com/wangjing1/go-mysql-proxy/sqlparser/token.go:446.2,446.16 1 1
micode.be.xiaomi.com/wangjing1/go-mysql-proxy/sqlparser/token.go:440.52,443.3 1 1
micode.be.xiaomi.com/wangjing1/go-mysql-proxy/sqlparser/token.go:443.3,445.3 1 1
micode.be.xiaomi.com/wangjing1/go-mysql-proxy/sqlparser/token.go:449.31,451.2 1 1
micode.be.xiaomi.com/wangjing1/go-mysql-proxy/sqlparser/token.go:453.30,454.9 1 1
micode.be.xiaomi.com/wangjing1/go-mysql-proxy/sqlparser/token.go:462.2,462.11 1 1
micode.be.xiaomi.com/wangjing1/go-mysql-proxy/sqlparser/token.go:455.2,456.23 1 1
micode.be.xiaomi.com/wangjing1/go-mysql-proxy/sqlparser/token.go:457.2,458.28 1 0
micode.be.xiaomi.com/wangjing1/go-mysql-proxy/sqlparser/token.go:459.2,460.28 1 0
micode.be.xiaomi.com/wangjing1/go-mysql-proxy/sqlparser/token.go:465.30,467.2 1 1
micode.be.xiaomi.com/wangjing1/go-mysql-proxy/sqlparser/tracked_buffer.go:18.69,20.2 1 1
micode.be.xiaomi.com/wangjing1/go-mysql-proxy/sqlparser/tracked_buffer.go:22.39,24.2 1 0
micode.be.xiaomi.com/wangjing1/go-mysql-proxy/sqlparser/tracked_buffer.go:26.30,27.30 1 1
micode.be.xiaomi.com/wangjing1/go-mysql-proxy/sqlparser/tracked_buffer.go:27.30,29.3 1 1
micode.be.xiaomi.com/wangjing1/go-mysql-proxy/sqlparser/tracked_buffer.go:45.92,52.2 2 1
micode.be.xiaomi.com/wangjing1/go-mysql-proxy/sqlparser/tracked_buffer.go:60.74,63.23 3 1
micode.be.xiaomi.com/wangjing1/go-mysql-proxy/sqlparser/tracked_buffer.go:63.23,65.35 2 1
micode.be.xiaomi.com/wangjing1/go-mysql-proxy/sqlparser/tracked_buffer.go:68.3,68.16 1 1
micode.be.xiaomi.com/wangjing1/go-mysql-proxy/sqlparser/tracked_buffer.go:71.3,71.15 1 1
micode.be.xiaomi.com/wangjing1/go-mysql-proxy/sqlparser/tracked_buffer.go:74.3,75.20 2 1
micode.be.xiaomi.com/wangjing1/go-mysql-proxy/sqlparser/tracked_buffer.go:106.3,107.6 2 1
micode.be.xiaomi.com/wangjing1/go-mysql-proxy/sqlparser/tracked_buffer.go:65.35,67.4 1 1
micode.be.xiaomi.com/wangjing1/go-mysql-proxy/sqlparser/tracked_buffer.go:68.16,70.4 1 1
micode.be.xiaomi.com/wangjing1/go-mysql-proxy/sqlparser/tracked_buffer.go:71.15,72.9 1 1
micode.be.xiaomi.com/wangjing1/go-mysql-proxy/sqlparser/tracked_buffer.go:76.3,77.40 1 0
micode.be.xiaomi.com/wangjing1/go-mysql-proxy/sqlparser/tracked_buffer.go:85.3,86.40 1 1
micode.be.xiaomi.com/wangjing1/go-mysql-proxy/sqlparser/tracked_buffer.go:94.3,96.32 2 1
micode.be.xiaomi.com/wangjing1/go-mysql-proxy/sqlparser/tracked_buffer.go:101.3,102.43 1 0
micode.be.xiaomi.com/wangjing1/go-mysql-proxy/sqlparser/tracked_buffer.go:103.3,104.23 1 0
micode.be.xiaomi.com/wangjing1/go-mysql-proxy/sqlparser/tracked_buffer.go:78.4,79.21 1 0
micode.be.xiaomi.com/wangjing1/go-mysql-proxy/sqlparser/tracked_buffer.go:80.4,81.21 1 0
micode.be.xiaomi.com/wangjing1/go-mysql-proxy/sqlparser/tracked_buffer.go:82.4,83.48 1 0
micode.be.xiaomi.com/wangjing1/go-mysql-proxy/sqlparser/tracked_buffer.go:87.4,88.17 1 1
micode.be.xiaomi.com/wangjing1/go-mysql-proxy/sqlparser/tracked_buffer.go:89.4,90.23 1 1
micode.be.xiaomi.com/wangjing1/go-mysql-proxy/sqlparser/tracked_buffer.go:91.4,92.48 1 0
micode.be.xiaomi.com/wangjing1/go-mysql-proxy/sqlparser/tracked_buffer.go:96.32,98.5 1 1
micode.be.xiaomi.com/wangjing1/go-mysql-proxy/sqlparser/tracked_buffer.go:98.5,100.5 1 0
micode.be.xiaomi.com/wangjing1/go-mysql-proxy/sqlparser/tracked_buffer.go:113.48,119.2 2 1
micode.be.xiaomi.com/wangjing1/go-mysql-proxy/sqlparser/tracked_buffer.go:121.54,123.2 1 1
micode.be.xiaomi.com/wangjing1/go-mysql-proxy/sqlparser/tracked_buffer.go:125.46,127.2 1 0
micode.be.xiaomi.com/wangjing1/go-mysql-proxy/sqlparser/analyzer.go:19.44,21.16 2 1
micode.be.xiaomi.com/wangjing1/go-mysql-proxy/sqlparser/analyzer.go:24.2,24.34 1 1
micode.be.xiaomi.com/wangjing1/go-mysql-proxy/sqlparser/analyzer.go:32.2,32.59 1 1
micode.be.xiaomi.com/wangjing1/go-mysql-proxy/sqlparser/analyzer.go:21.16,23.3 1 1
micode.be.xiaomi.com/wangjing1/go-mysql-proxy/sqlparser/analyzer.go:25.2,26.43 1 1
micode.be.xiaomi.com/wangjing1/go-mysql-proxy/sqlparser/analyzer.go:27.2,28.43 1 1
micode.be.xiaomi.com/wangjing1/go-mysql-proxy/sqlparser/analyzer.go:29.2,30.43 1 1
micode.be.xiaomi.com/wangjing1/go-mysql-proxy/sqlparser/analyzer.go:37.48,38.58 1 0
micode.be.xiaomi.com/wangjing1/go-mysql-proxy/sqlparser/analyzer.go:42.2,42.11 1 0
micode.be.xiaomi.com/wangjing1/go-mysql-proxy/sqlparser/analyzer.go:38.58,40.3 1 0
micode.be.xiaomi.com/wangjing1/go-mysql-proxy/sqlparser/analyzer.go:47.35,48.34 1 0
micode.be.xiaomi.com/wangjing1/go-mysql-proxy/sqlparser/analyzer.go:51.2,51.11 1 0
micode.be.xiaomi.com/wangjing1/go-mysql-proxy/sqlparser/analyzer.go:48.34,50.3 1 0
micode.be.xiaomi.com/wangjing1/go-mysql-proxy/sqlparser/analyzer.go:55.35,58.2 2 0
micode.be.xiaomi.com/wangjing1/go-mysql-proxy/sqlparser/analyzer.go:62.33,63.21 1 0
micode.be.xiaomi.com/wangjing1/go-mysql-proxy/sqlparser/analyzer.go:67.2,67.14 1 0
micode.be.xiaomi.com/wangjing1/go-mysql-proxy/sqlparser/analyzer.go:64.2,65.14 1 0
micode.be.xiaomi.com/wangjing1/go-mysql-proxy/sqlparser/analyzer.go:71.46,72.34 1 0
micode.be.xiaomi.com/wangjing1/go-mysql-proxy/sqlparser/analyzer.go:77.2,77.14 1 0
micode.be.xiaomi.com/wangjing1/go-mysql-proxy/sqlparser/analyzer.go:72.34,73.66 1 0
micode.be.xiaomi.com/wangjing1/go-mysql-proxy/sqlparser/analyzer.go:73.66,75.4 1 0
micode.be.xiaomi.com/wangjing1/go-mysql-proxy/sqlparser/analyzer.go:82.39,83.29 1 0
micode.be.xiaomi.com/wangjing1/go-mysql-proxy/sqlparser/analyzer.go:95.2,95.14 1 0
micode.be.xiaomi.com/wangjing1/go-mysql-proxy/sqlparser/analyzer.go:84.2,85.26 1 0
micode.be.xiaomi.com/wangjing1/go-mysql-proxy/sqlparser/analyzer.go:90.3,90.14 1 0
micode.be.xiaomi.com/wangjing1/go-mysql-proxy/sqlparser/analyzer.go:91.2,92.14 1 0
micode.be.xiaomi.com/wangjing1/go-mysql-proxy/sqlparser/analyzer.go:85.26,86.19 1 0
micode.be.xiaomi.com/wangjing1/go-mysql-proxy/sqlparser/analyzer.go:86.19,88.5 1 0
micode.be.xiaomi.com/wangjing1/go-mysql-proxy/sqlparser/analyzer.go:102.53,103.29 1 0
micode.be.xiaomi.com/wangjing1/go-mysql-proxy/sqlparser/analyzer.go:129.2,129.52 1 0
micode.be.xiaomi.com/wangjing1/go-mysql-proxy/sqlparser/analyzer.go:104.2,106.28 2 0
micode.be.xiaomi.com/wangjing1/go-mysql-proxy/sqlparser/analyzer.go:113.3,113.19 1 0
micode.be.xiaomi.com/wangjing1/go-mysql-proxy/sqlparser/analyzer.go:114.2,115.27 1 0
micode.be.xiaomi.com/wangjing1/go-mysql-proxy/sqlparser/analyzer.go:116.2,117.27 1 0
micode.be.xiaomi.com/wangjing1/go-mysql-proxy/sqlparser/analyzer.go:118.2,119.40 1 0
micode.be.xiaomi.com/wangjing1/go-mysql-proxy/sqlparser/analyzer.go:120.2,122.17 2 0
micode.be.xiaomi.com/wangjing1/go-mysql-proxy/sqlparser/analyzer.go:125.3,125.16 1 0
micode.be.xiaomi.com/wangjing1/go-mysql-proxy/sqlparser/analyzer.go:126.2,127.18 1 0
micode.be.xiaomi.com/wangjing1/go-mysql-proxy/sqlparser/analyzer.go:106.28,108.18 2 0
micode.be.xiaomi.com/wangjing1/go-mysql-proxy/sqlparser/analyzer.go:111.4,111.26 1 0
micode.be.xiaomi.com/wangjing1/go-mysql-proxy/sqlparser/analyzer.go:108.18,110.5 1 0
micode.be.xiaomi.com/wangjing1/go-mysql-proxy/sqlparser/analyzer.go:122.17,124.4 1 0
micode.be.xiaomi.com/wangjing1/go-mysql-proxy/sqlparser/analyzer.go:134.50,135.29 1 1
micode.be.xiaomi.com/wangjing1/go-mysql-proxy/sqlparser/analyzer.go:140.2,140.14 1 1
micode.be.xiaomi.com/wangjing1/go-mysql-proxy/sqlparser/analyzer.go:135.29,136.17 1 1
micode.be.xiaomi.com/wangjing1/go-mysql-proxy/sqlparser/analyzer.go:136.17,138.4 1 1
micode.be.xiaomi.com/wangjing1/go-mysql-proxy/sqlparser/ast.go:29.43,31.29 2 1
micode.be.xiaomi.com/wangjing1/go-mysql-proxy/sqlparser/ast.go:34.2,34.33 1 1
micode.be.xiaomi.com/wangjing1/go-mysql-proxy/sqlparser/ast.go:31.29,33.3 1 1
micode.be.xiaomi.com/wangjing1/go-mysql-proxy/sqlparser/ast.go:44.34,48.2 3 1
micode.be.xiaomi.com/wangjing1/go-mysql-proxy/sqlparser/ast.go:56.29,56.31 0 0
micode.be.xiaomi.com/wangjing1/go-mysql-proxy/sqlparser/ast.go:57.29,57.31 0 0
micode.be.xiaomi.com/wangjing1/go-mysql-proxy/sqlparser/ast.go:58.29,58.31 0 0
micode.be.xiaomi.com/wangjing1/go-mysql-proxy/sqlparser/ast.go:59.29,59.31 0 0
micode.be.xiaomi.com/wangjing1/go-mysql-proxy/sqlparser/ast.go:60.29,60.31 0 0
micode.be.xiaomi.com/wangjing1/go-mysql-proxy/sqlparser/ast.go:61.29,61.31 0 0
micode.be.xiaomi.com/wangjing1/go-mysql-proxy/sqlparser/ast.go:62.29,62.31 0 0
micode.be.xiaomi.com/wangjing1/go-mysql-proxy/sqlparser/ast.go:63.29,63.31 0 0
micode.be.xiaomi.com/wangjing1/go-mysql-proxy/sqlparser/ast.go:73.35,73.37 0 0
micode.be.xiaomi.com/wangjing1/go-mysql-proxy/sqlparser/ast.go:74.35,74.37 0 0
micode.be.xiaomi.com/wangjing1/go-mysql-proxy/sqlparser/ast.go:101.48,107.2 1 1
micode.be.xiaomi.com/wangjing1/go-mysql-proxy/sqlparser/ast.go:124.47,126.2 1 0
micode.be.xiaomi.com/wangjing1/go-mysql-proxy/sqlparser/ast.go:137.48,141.2 1 0
micode.be.xiaomi.com/wangjing1/go-mysql-proxy/sqlparser/ast.go:149.30,149.32 0 0
micode.be.xiaomi.com/wangjing1/go-mysql-proxy/sqlparser/ast.go:150.30,150.32 0 0
micode.be.xiaomi.com/wangjing1/go-mysql-proxy/sqlparser/ast.go:151.30,151.32 0 0
micode.be.xiaomi.com/wangjing1/go-mysql-proxy/sqlparser/ast.go:163.48,167.2 1 0
micode.be.xiaomi.com/wangjing1/go-mysql-proxy/sqlparser/ast.go:178.48,182.2 1 0
micode.be.xiaomi.com/wangjing1/go-mysql-proxy/sqlparser/ast.go:190.45,192.2 1 0
micode.be.xiaomi.com/wangjing1/go-mysql-proxy/sqlparser/ast.go:210.45,211.21 1 0
micode.be.xiaomi.com/wangjing1/go-mysql-proxy/sqlparser/ast.go:212.2,213.57 1 0
micode.be.xiaomi.com/wangjing1/go-mysql-proxy/sqlparser/ast.go:214.2,215.72 1 0
micode.be.xiaomi.com/wangjing1/go-mysql-proxy/sqlparser/ast.go:216.2,217.55 1 0
micode.be.xiaomi.com/wangjing1/go-mysql-proxy/sqlparser/ast.go:226.47,228.2 1 0
micode.be.xiaomi.com/wangjing1/go-mysql-proxy/sqlparser/ast.go:233.49,234.25 1 1
micode.be.xiaomi.com/wangjing1/go-mysql-proxy/sqlparser/ast.go:234.25,236.3 1 0
micode.be.xiaomi.com/wangjing1/go-mysql-proxy/sqlparser/ast.go:242.52,244.25 2 1
micode.be.xiaomi.com/wangjing1/go-mysql-proxy/sqlparser/ast.go:244.25,247.3 2 1
micode.be.xiaomi.com/wangjing1/go-mysql-proxy/sqlparser/ast.go:256.35,256.37 0 0
micode.be.xiaomi.com/wangjing1/go-mysql-proxy/sqlparser/ast.go:257.35,257.37 0 0
micode.be.xiaomi.com/wangjing1/go-mysql-proxy/sqlparser/ast.go:264.50,265.27 1 1
micode.be.xiaomi.com/wangjing1/go-mysql-proxy/sqlparser/ast.go:268.2,268.19 1 1
micode.be.xiaomi.com/wangjing1/go-mysql-proxy/sqlparser/ast.go:265.27,267.3 1 0
micode.be.xiaomi.com/wangjing1/go-mysql-proxy/sqlparser/ast.go:277.53,279.20 2 0
micode.be.xiaomi.com/wangjing1/go-mysql-proxy/sqlparser/ast.go:279.20,281.3 1 0
micode.be.xiaomi.com/wangjing1/go-mysql-proxy/sqlparser/ast.go:290.48,291.17 1 0
micode.be.xiaomi.com/wangjing1/go-mysql-proxy/sqlparser/ast.go:294.2,294.41 1 0
micode.be.xiaomi.com/wangjing1/go-mysql-proxy/sqlparser/ast.go:291.17,293.3 1 0
micode.be.xiaomi.com/wangjing1/go-mysql-proxy/sqlparser/ast.go:300.51,302.25 2 1
micode.be.xiaomi.com/wangjing1/go-mysql-proxy/sqlparser/ast.go:302.25,305.3 2 1
micode.be.xiaomi.com/wangjing1/go-mysql-proxy/sqlparser/ast.go:314.39,314.41 0 0
micode.be.xiaomi.com/wangjing1/go-mysql-proxy/sqlparser/ast.go:315.39,315.41 0 0
micode.be.xiaomi.com/wangjing1/go-mysql-proxy/sqlparser/ast.go:316.39,316.41 0 0
micode.be.xiaomi.com/wangjing1/go-mysql-proxy/sqlparser/ast.go:326.58,328.20 2 1
micode.be.xiaomi.com/wangjing1/go-mysql-proxy/sqlparser/ast.go:331.2,331.23 1 1
micode.be.xiaomi.com/wangjing1/go-mysql-proxy/sqlparser/ast.go:328.20,330.3 1 0
micode.be.xiaomi.com/wangjing1/go-mysql-proxy/sqlparser/ast.go:331.23,334.3 1 0
micode.be.xiaomi.com/wangjing1/go-mysql-proxy/sqlparser/ast.go:343.38,343.40 0 0
micode.be.xiaomi.com/wangjing1/go-mysql-proxy/sqlparser/ast.go:344.38,344.40 0 0
micode.be.xiaomi.com/wangjing1/go-mysql-proxy/sqlparser/ast.go:351.51,352.27 1 1
micode.be.xiaomi.com/wangjing1/go-mysql-proxy/sqlparser/ast.go:356.2,356.24 1 1
micode.be.xiaomi.com/wangjing1/go-mysql-proxy/sqlparser/ast.go:352.27,355.3 2 0
micode.be.xiaomi.com/wangjing1/go-mysql-proxy/sqlparser/ast.go:364.56,366.2 1 0
micode.be.xiaomi.com/wangjing1/go-mysql-proxy/sqlparser/ast.go:386.55,388.20 2 0
micode.be.xiaomi.com/wangjing1/go-mysql-proxy/sqlparser/ast.go:388.20,390.3 1 0
micode.be.xiaomi.com/wangjing1/go-mysql-proxy/sqlparser/ast.go:405.52,408.33 3 0
micode.be.xiaomi.com/wangjing1/go-mysql-proxy/sqlparser/ast.go:412.2,412.19 1 0
micode.be.xiaomi.com/wangjing1/go-mysql-proxy/sqlparser/ast.go:408.33,411.3 2 0
micode.be.xiaomi.com/wangjing1/go-mysql-proxy/sqlparser/ast.go:429.49,430.17 1 1
micode.be.xiaomi.com/wangjing1/go-mysql-proxy/sqlparser/ast.go:433.2,433.38 1 1
micode.be.xiaomi.com/wangjing1/go-mysql-proxy/sqlparser/ast.go:430.17,432.3 1 1
micode.be.xiaomi.com/wangjing1/go-mysql-proxy/sqlparser/ast.go:436.47,437.17 1 1
micode.be.xiaomi.com/wangjing1/go-mysql-proxy/sqlparser/ast.go:440.2,440.46 1 1
micode.be.xiaomi.com/wangjing1/go-mysql-proxy/sqlparser/ast.go:437.17,439.3 1 1
micode.be.xiaomi.com/wangjing1/go-mysql-proxy/sqlparser/ast.go:449.32,449.34 0 0
micode.be.xiaomi.com/wangjing1/go-mysql-proxy/sqlparser/ast.go:450.32,450.34 0 0
micode.be.xiaomi.com/wangjing1/go-mysql-proxy/sqlparser/ast.go:451.32,451.34 0 0
micode.be.xiaomi.com/wangjing1/go-mysql-proxy/sqlparser/ast.go:452.32,452.34 0 0
micode.be.xiaomi.com/wangjing1/go-mysql-proxy/sqlparser/ast.go:453.32,453.34 0 0
micode.be.xiaomi.com/wangjing1/go-mysql-proxy/sqlparser/ast.go:454.32,454.34 0 0
micode.be.xiaomi.com/wangjing1/go-mysql-proxy/sqlparser/ast.go:455.32,455.34 0 0
micode.be.xiaomi.com/wangjing1/go-mysql-proxy/sqlparser/ast.go:456.32,456.34 0 0
micode.be.xiaomi.com/wangjing1/go-mysql-proxy/sqlparser/ast.go:457.32,457.34 0 0
micode.be.xiaomi.com/wangjing1/go-mysql-proxy/sqlparser/ast.go:458.32,458.34 0 0
micode.be.xiaomi.com/wangjing1/go-mysql-proxy/sqlparser/ast.go:459.32,459.34 0 0
micode.be.xiaomi.com/wangjing1/go-mysql-proxy/sqlparser/ast.go:460.32,460.34 0 0
micode.be.xiaomi.com/wangjing1/go-mysql-proxy/sqlparser/ast.go:461.32,461.34 0 0
micode.be.xiaomi.com/wangjing1/go-mysql-proxy/sqlparser/ast.go:462.32,462.34 0 0
micode.be.xiaomi.com/wangjing1/go-mysql-proxy/sqlparser/ast.go:463.32,463.34 0 0
micode.be.xiaomi.com/wangjing1/go-mysql-proxy/sqlparser/ast.go:464.32,464.34 0 0
micode.be.xiaomi.com/wangjing1/go-mysql-proxy/sqlparser/ast.go:465.32,465.34 0 0
micode.be.xiaomi.com/wangjing1/go-mysql-proxy/sqlparser/ast.go:466.32,466.34 0 0
micode.be.xiaomi.com/wangjing1/go-mysql-proxy/sqlparser/ast.go:467.32,467.34 0 0
micode.be.xiaomi.com/wangjing1/go-mysql-proxy/sqlparser/ast.go:468.32,468.34 0 0
micode.be.xiaomi.com/wangjing1/go-mysql-proxy/sqlparser/ast.go:476.36,476.38 0 0
micode.be.xiaomi.com/wangjing1/go-mysql-proxy/sqlparser/ast.go:477.36,477.38 0 0
micode.be.xiaomi.com/wangjing1/go-mysql-proxy/sqlparser/ast.go:478.36,478.38 0 0
micode.be.xiaomi.com/wangjing1/go-mysql-proxy/sqlparser/ast.go:479.36,479.38 0 0
micode.be.xiaomi.com/wangjing1/go-mysql-proxy/sqlparser/ast.go:480.36,480.38 0 0
micode.be.xiaomi.com/wangjing1/go-mysql-proxy/sqlparser/ast.go:481.36,481.38 0 0
micode.be.xiaomi.com/wangjing1/go-mysql-proxy/sqlparser/ast.go:482.36,482.38 0 0
micode.be.xiaomi.com/wangjing1/go-mysql-proxy/sqlparser/ast.go:483.36,483.38 0 0
micode.be.xiaomi.com/wangjing1/go-mysql-proxy/sqlparser/ast.go:490.49,492.2 1 1
micode.be.xiaomi.com/wangjing1/go-mysql-proxy/sqlparser/ast.go:499.48,501.2 1 0
micode.be.xiaomi.com/wangjing1/go-mysql-proxy/sqlparser/ast.go:508.49,510.2 1 0
micode.be.xiaomi.com/wangjing1/go-mysql-proxy/sqlparser/ast.go:517.55,519.2 1 0
micode.be.xiaomi.com/wangjing1/go-mysql-proxy/sqlparser/ast.go:542.56,544.2 1 1
micode.be.xiaomi.com/wangjing1/go-mysql-proxy/sqlparser/ast.go:559.51,561.2 1 0
micode.be.xiaomi.com/wangjing1/go-mysql-proxy/sqlparser/ast.go:575.51,577.2 1 0
micode.be.xiaomi.com/wangjing1/go-mysql-proxy/sqlparser/ast.go:584.52,586.2 1 0
micode.be.xiaomi.com/wangjing1/go-mysql-proxy/sqlparser/ast.go:594.31,594.33 0 0
micode.be.xiaomi.com/wangjing1/go-mysql-proxy/sqlparser/ast.go:595.31,595.33 0 0
micode.be.xiaomi.com/wangjing1/go-mysql-proxy/sqlparser/ast.go:596.31,596.33 0 0
micode.be.xiaomi.com/wangjing1/go-mysql-proxy/sqlparser/ast.go:597.31,597.33 0 0
micode.be.xiaomi.com/wangjing1/go-mysql-proxy/sqlparser/ast.go:598.31,598.33 0 0
micode.be.xiaomi.com/wangjing1/go-mysql-proxy/sqlparser/ast.go:599.31,599.33 0 0
micode.be.xiaomi.com/wangjing1/go-mysql-proxy/sqlparser/ast.go:600.31,600.33 0 0
micode.be.xiaomi.com/wangjing1/go-mysql-proxy/sqlparser/ast.go:601.31,601.33 0 0
micode.be.xiaomi.com/wangjing1/go-mysql-proxy/sqlparser/ast.go:602.31,602.33 0 0
micode.be.xiaomi.com/wangjing1/go-mysql-proxy/sqlparser/ast.go:603.31,603.33 0 0
micode.be.xiaomi.com/wangjing1/go-mysql-proxy/sqlparser/ast.go:604.31,604.33 0 0
micode.be.xiaomi.com/wangjing1/go-mysql-proxy/sqlparser/ast.go:605.31,605.33 0 0
micode.be.xiaomi.com/wangjing1/go-mysql-proxy/sqlparser/ast.go:610.47,613.2 2 0
micode.be.xiaomi.com/wangjing1/go-mysql-proxy/sqlparser/ast.go:618.47,620.2 1 1
micode.be.xiaomi.com/wangjing1/go-mysql-proxy/sqlparser/ast.go:625.47,627.2 1 1
micode.be.xiaomi.com/wangjing1/go-mysql-proxy/sqlparser/ast.go:632.49,634.2 1 0
micode.be.xiaomi.com/wangjing1/go-mysql-proxy/sqlparser/ast.go:641.49,642.27 1 1
micode.be.xiaomi.com/wangjing1/go-mysql-proxy/sqlparser/ast.go:646.2,646.24 1 1
micode.be.xiaomi.com/wangjing1/go-mysql-proxy/sqlparser/ast.go:642.27,645.3 2 0
micode.be.xiaomi.com/wangjing1/go-mysql-proxy/sqlparser/ast.go:649.46,650.41 1 1
micode.be.xiaomi.com/wangjing1/go-mysql-proxy/sqlparser/ast.go:650.41,652.3 1 0
micode.be.xiaomi.com/wangjing1/go-mysql-proxy/sqlparser/ast.go:652.3,654.3 1 1
micode.be.xiaomi.com/wangjing1/go-mysql-proxy/sqlparser/ast.go:664.30,664.32 0 0
micode.be.xiaomi.com/wangjing1/go-mysql-proxy/sqlparser/ast.go:665.30,665.32 0 0
micode.be.xiaomi.com/wangjing1/go-mysql-proxy/sqlparser/ast.go:666.30,666.32 0 0
micode.be.xiaomi.com/wangjing1/go-mysql-proxy/sqlparser/ast.go:671.49,673.2 1 1
micode.be.xiaomi.com/wangjing1/go-mysql-proxy/sqlparser/ast.go:679.49,681.25 2 1
micode.be.xiaomi.com/wangjing1/go-mysql-proxy/sqlparser/ast.go:681.25,684.3 2 1
micode.be.xiaomi.com/wangjing1/go-mysql-proxy/sqlparser/ast.go:692.50,694.2 1 0
micode.be.xiaomi.com/wangjing1/go-mysql-proxy/sqlparser/ast.go:699.48,701.2 1 1
micode.be.xiaomi.com/wangjing1/go-mysql-proxy/sqlparser/ast.go:721.52,723.2 1 0
micode.be.xiaomi.com/wangjing1/go-mysql-proxy/sqlparser/ast.go:738.51,740.2 1 0
micode.be.xiaomi.com/wangjing1/go-mysql-proxy/sqlparser/ast.go:749.50,751.19 2 0
micode.be.xiaomi.com/wangjing1/go-mysql-proxy/sqlparser/ast.go:754.2,754.59 1 0
micode.be.xiaomi.com/wangjing1/go-mysql-proxy/sqlparser/ast.go:751.19,753.3 1 0
micode.be.xiaomi.com/wangjing1/go-mysql-proxy/sqlparser/ast.go:777.42,779.2 1 0
micode.be.xiaomi.com/wangjing1/go-mysql-proxy/sqlparser/ast.go:788.50,790.22 2 0
micode.be.xiaomi.com/wangjing1/go-mysql-proxy/sqlparser/ast.go:793.2,793.34 1 0
micode.be.xiaomi.com/wangjing1/go-mysql-proxy/sqlparser/ast.go:796.2,796.22 1 0
micode.be.xiaomi.com/wangjing1/go-mysql-proxy/sqlparser/ast.go:799.2,799.21 1 0
micode.be.xiaomi.com/wangjing1/go-mysql-proxy/sqlparser/ast.go:790.22,792.3 1 0
micode.be.xiaomi.com/wangjing1/go-mysql-proxy/sqlparser/ast.go:793.34,795.3 1 0
micode.be.xiaomi.com/wangjing1/go-mysql-proxy/sqlparser/ast.go:796.22,798.3 1 0
micode.be.xiaomi.com/wangjing1/go-mysql-proxy/sqlparser/ast.go:808.46,810.2 1 0
micode.be.xiaomi.com/wangjing1/go-mysql-proxy/sqlparser/ast.go:816.50,818.25 2 0
micode.be.xiaomi.com/wangjing1/go-mysql-proxy/sqlparser/ast.go:818.25,821.3 2 0
micode.be.xiaomi.com/wangjing1/go-mysql-proxy/sqlparser/ast.go:824.50,826.25 2 0
micode.be.xiaomi.com/wangjing1/go-mysql-proxy/sqlparser/ast.go:826.25,829.3 2 0
micode.be.xiaomi.com/wangjing1/go-mysql-proxy/sqlparser/ast.go:835.48,837.25 2 1
micode.be.xiaomi.com/wangjing1/go-mysql-proxy/sqlparser/ast.go:837.25,840.3 2 0
micode.be.xiaomi.com/wangjing1/go-mysql-proxy/sqlparser/ast.go:846.48,848.25 2 1
micode.be.xiaomi.com/wangjing1/go-mysql-proxy/sqlparser/ast.go:848.25,851.3 2 0
micode.be.xiaomi.com/wangjing1/go-mysql-proxy/sqlparser/ast.go:866.47,868.2 1 0
micode.be.xiaomi.com/wangjing1/go-mysql-proxy/sqlparser/ast.go:875.47,876.17 1 1
micode.be.xiaomi.com/wangjing1/go-mysql-proxy/sqlparser/ast.go:879.2,880.24 2 0
micode.be.xiaomi.com/wangjing1/go-mysql-proxy/sqlparser/ast.go:883.2,883.35 1 0
micode.be.xiaomi.com/wangjing1/go-mysql-proxy/sqlparser/ast.go:876.17,878.3 1 1
micode.be.xiaomi.com/wangjing1/go-mysql-proxy/sqlparser/ast.go:880.24,882.3 1 0
micode.be.xiaomi.com/wangjing1/go-mysql-proxy/sqlparser/ast.go:890.71,891.17 1 1
micode.be.xiaomi.com/wangjing1/go-mysql-proxy/sqlparser/ast.go:894.2,894.33 1 1
micode.be.xiaomi.com/wangjing1/go-mysql-proxy/sqlparser/ast.go:911.2,911.35 1 1
micode.be.xiaomi.com/wangjing1/go-mysql-proxy/sqlparser/ast.go:926.2,926.30 1 1
micode.be.xiaomi.com/wangjing1/go-mysql-proxy/sqlparser/ast.go:891.17,893.3 1 1
micode.be.xiaomi.com/wangjing1/go-mysql-proxy/sqlparser/ast.go:895.2,897.17 2 1
micode.be.xiaomi.com/wangjing1/go-mysql-proxy/sqlparser/ast.go:900.3,900.12 1 1
micode.be.xiaomi.com/wangjing1/go-mysql-proxy/sqlparser/ast.go:903.3,903.13 1 1
micode.be.xiaomi.com/wangjing1/go-mysql-proxy/sqlparser/ast.go:904.2,905.21 1 1
micode.be.xiaomi.com/wangjing1/go-mysql-proxy/sqlparser/ast.go:906.2,906.11 0 1
micode.be.xiaomi.com/wangjing1/go-mysql-proxy/sqlparser/ast.go:908.2,909.68 1 1
micode.be.xiaomi.com/wangjing1/go-mysql-proxy/sqlparser/ast.go:897.17,899.4 1 1
micode.be.xiaomi.com/wangjing1/go-mysql-proxy/sqlparser/ast.go:900.12,902.4 1 1
micode.be.xiaomi.com/wangjing1/go-mysql-proxy/sqlparser/ast.go:912.2,914.17 2 1
micode.be.xiaomi.com/wangjing1/go-mysql-proxy/sqlparser/ast.go:917.3,917.13 1 1
micode.be.xiaomi.com/wangjing1/go-mysql-proxy/sqlparser/ast.go:920.3,920.16 1 1
micode.be.xiaomi.com/wangjing1/go-mysql-proxy/sqlparser/ast.go:921.2,922.23 1 1
micode.be.xiaomi.com/wangjing1/go-mysql-proxy/sqlparser/ast.go:923.2,924.70 1 1
micode.be.xiaomi.com/wangjing1/go-mysql-proxy/sqlparser/ast.go:914.17,916.4 1 1
micode.be.xiaomi.com/wangjing1/go-mysql-proxy/sqlparser/ast.go:917.13,919.4 1 1
micode.be.xiaomi.com/wangjing1/go-mysql-proxy/sqlparser/ast.go:932.47,934.25 2 0
micode.be.xiaomi.com/wangjing1/go-mysql-proxy/sqlparser/ast.go:934.25,937.3 2 0
micode.be.xiaomi.com/wangjing1/go-mysql-proxy/sqlparser/ast.go:946.30,946.32 0 0
micode.be.xiaomi.com/wangjing1/go-mysql-proxy/sqlparser/ast.go:947.30,947.32 0 0
micode.be.xiaomi.com/wangjing1/go-mysql-proxy/sqlparser/ast.go:952.52,954.25 2 0
micode.be.xiaomi.com/wangjing1/go-mysql-proxy/sqlparser/ast.go:954.25,957.3 2 0
micode.be.xiaomi.com/wangjing1/go-mysql-proxy/sqlparser/ast.go:966.52,968.2 1 0
micode.be.xiaomi.com/wangjing1/go-mysql-proxy/sqlparser/ast.go:973.46,974.17 1 0
micode.be.xiaomi.com/wangjing1/go-mysql-proxy/sqlparser/ast.go:977.2,977.64 1 0
micode.be.xiaomi.com/wangjing1/go-mysql-proxy/sqlparser/ast.go:974.17,976.3 1 0
micode.be.xiaomi.com/wangjing1/go-mysql-proxy/sqlparser/ast.go:980.31,980.33 0 0
micode.be.xiaomi.com/wangjing1/go-mysql-proxy/sqlparser/ast.go:981.31,981.33 0 0
micode.be.xiaomi.com/wangjing1/go-mysql-proxy/sqlparser/ast.go:982.31,982.33 0 0
micode.be.xiaomi.com/wangjing1/go-mysql-proxy/sqlparser/ast.go:987.47,989.2 1 0
micode.be.xiaomi.com/wangjing1/go-mysql-proxy/sqlparser/ast.go:994.48,996.2 1 0
micode.be.xiaomi.com/wangjing1/go-mysql-proxy/sqlparser/ast.go:1001.50,1003.2 1 0
micode.be.xiaomi.com/wangjing1/go-mysql-proxy/sqlparser/ast.go:1013.49,1017.2 1 0
micode.be.xiaomi.com/wangjing1/go-mysql-proxy/sqlparser/ast.go:1019.30,1019.32 0 0
micode.be.xiaomi.com/wangjing1/go-mysql-proxy/sqlparser/ast.go:1027.54,1029.2 1 0
micode.be.xiaomi.com/wangjing1/go-mysql-proxy/sqlparser/ast.go:1031.41,1031.43 0 0
micode.be.xiaomi.com/wangjing1/go-mysql-proxy/sqlparser/ast.go:1032.41,1032.43 0 0
micode.be.xiaomi.com/wangjing1/go-mysql-proxy/sqlparser/ast.go:1033.41,1033.43 0 0
micode.be.xiaomi.com/wangjing1/go-mysql-proxy/sqlparser/ast.go:1040.28,1040.30 0 0
micode.be.xiaomi.com/wangjing1/go-mysql-proxy/sqlparser/ast.go:1042.47,1044.2 1 0
micode.be.xiaomi.com/wangjing1/go-mysql-proxy/sqlparser/ast.go:1053.27,1053.29 0 0
micode.be.xiaomi.com/wangjing1/go-mysql-proxy/sqlparser/ast.go:1055.46,1057.2 1 0
micode.be.xiaomi.com/wangjing1/go-mysql-proxy/sqlparser/parsed_query.go:27.92,28.32 1 1
micode.be.xiaomi.com/wangjing1/go-mysql-proxy/sqlparser/parsed_query.go:31.2,33.39 3 1
micode.be.xiaomi.com/wangjing1/go-mysql-proxy/sqlparser/parsed_query.go:45.2,46.25 2 1
micode.be.xiaomi.com/wangjing1/go-mysql-proxy/sqlparser/parsed_query.go:28.32,30.3 1 1
micode.be.xiaomi.com/wangjing1/go-mysql-proxy/sqlparser/parsed_query.go:33.39,37.17 4 1
micode.be.xiaomi.com/wangjing1/go-mysql-proxy/sqlparser/parsed_query.go:40.3,40.52 1 1
micode.be.xiaomi.com/wangjing1/go-mysql-proxy/sqlparser/parsed_query.go:43.3,43.36 1 1
micode.be.xiaomi.com/wangjing1/go-mysql-proxy/sqlparser/parsed_query.go:37.17,39.4 1 1
micode.be.xiaomi.com/wangjing1/go-mysql-proxy/sqlparser/parsed_query.go:40.52,42.4 1 1
micode.be.xiaomi.com/wangjing1/go-mysql-proxy/sqlparser/parsed_query.go:49.54,51.2 1 0
micode.be.xiaomi.com/wangjing1/go-mysql-proxy/sqlparser/parsed_query.go:53.62,54.33 1 1
micode.be.xiaomi.com/wangjing1/go-mysql-proxy/sqlparser/parsed_query.go:99.2,99.12 1 1
micode.be.xiaomi.com/wangjing1/go-mysql-proxy/sqlparser/parsed_query.go:55.2,56.26 1 1
micode.be.xiaomi.com/wangjing1/go-mysql-proxy/sqlparser/parsed_query.go:57.2,58.37 1 1
micode.be.xiaomi.com/wangjing1/go-mysql-proxy/sqlparser/parsed_query.go:66.2,67.37 1 1
micode.be.xiaomi.com/wangjing1/go-mysql-proxy/sqlparser/parsed_query.go:77.2,79.29 2 1
micode.be.xiaomi.com/wangjing1/go-mysql-proxy/sqlparser/parsed_query.go:87.3,87.21 1 1
micode.be.xiaomi.com/wangjing1/go-mysql-proxy/sqlparser/parsed_query.go:88.2,89.45 1 1
micode.be.xiaomi.com/wangjing1/go-mysql-proxy/sqlparser/parsed_query.go:92.2,94.17 2 1
micode.be.xiaomi.com/wangjing1/go-mysql-proxy/sqlparser/parsed_query.go:97.3,97.19 1 1
micode.be.xiaomi.com/wangjing1/go-mysql-proxy/sqlparser/parsed_query.go:58.37,59.14 1 1
micode.be.xiaomi.com/wangjing1/go-mysql-proxy/sqlparser/parsed_query.go:62.4,62.55 1 1
micode.be.xiaomi.com/wangjing1/go-mysql-proxy/sqlparser/parsed_query.go:59.14,61.5 1 1
micode.be.xiaomi.com/wangjing1/go-mysql-proxy/sqlparser/parsed_query.go:62.55,64.5 1 0
micode.be.xiaomi.com/wangjing1/go-mysql-proxy/sqlparser/parsed_query.go:67.37,68.14 1 1
micode.be.xiaomi.com/wangjing1/go-mysql-proxy/sqlparser/parsed_query.go:71.4,72.55 2 1
micode.be.xiaomi.com/wangjing1/go-mysql-proxy/sqlparser/parsed_query.go:75.4,75.22 1 1
micode.be.xiaomi.com/wangjing1/go-mysql-proxy/sqlparser/parsed_query.go:68.14,70.5 1 1
micode.be.xiaomi.com/wangjing1/go-mysql-proxy/sqlparser/parsed_query.go:72.55,74.5 1 0
micode.be.xiaomi.com/wangjing1/go-mysql-proxy/sqlparser/parsed_query.go:79.29,80.14 1 1
micode.be.xiaomi.com/wangjing1/go-mysql-proxy/sqlparser/parsed_query.go:83.4,83.46 1 1
micode.be.xiaomi.com/wangjing1/go-mysql-proxy/sqlparser/parsed_query.go:80.14,82.5 1 1
micode.be.xiaomi.com/wangjing1/go-mysql-proxy/sqlparser/parsed_query.go:83.46,85.5 1 0
micode.be.xiaomi.com/wangjing1/go-mysql-proxy/sqlparser/parsed_query.go:89.45,91.4 1 1
micode.be.xiaomi.com/wangjing1/go-mysql-proxy/sqlparser/parsed_query.go:94.17,96.4 1 1
micode.be.xiaomi.com/wangjing1/go-mysql-proxy/sqlparser/parsed_query.go:107.63,108.24 1 1
micode.be.xiaomi.com/wangjing1/go-mysql-proxy/sqlparser/parsed_query.go:111.2,111.27 1 1
micode.be.xiaomi.com/wangjing1/go-mysql-proxy/sqlparser/parsed_query.go:114.2,114.34 1 1
micode.be.xiaomi.com/wangjing1/go-mysql-proxy/sqlparser/parsed_query.go:108.24,110.3 1 1
micode.be.xiaomi.com/wangjing1/go-mysql-proxy/sqlparser/parsed_query.go:111.27,113.3 1 1
micode.be.xiaomi.com/wangjing1/go-mysql-proxy/sqlparser/parsed_query.go:117.67,120.29 3 1
micode.be.xiaomi.com/wangjing1/go-mysql-proxy/sqlparser/parsed_query.go:131.2,132.12 2 1
micode.be.xiaomi.com/wangjing1/go-mysql-proxy/sqlparser/parsed_query.go:120.29,121.18 1 1
micode.be.xiaomi.com/wangjing1/go-mysql-proxy/sqlparser/parsed_query.go:124.3,124.13 1 1
micode.be.xiaomi.com/wangjing1/go-mysql-proxy/sqlparser/parsed_query.go:127.3,127.45 1 1
micode.be.xiaomi.com/wangjing1/go-mysql-proxy/sqlparser/parsed_query.go:121.18,123.4 1 1
micode.be.xiaomi.com/wangjing1/go-mysql-proxy/sqlparser/parsed_query.go:124.13,126.4 1 1
micode.be.xiaomi.com/wangjing1/go-mysql-proxy/sqlparser/parsed_query.go:127.45,129.4 1 0
micode.be.xiaomi.com/wangjing1/go-mysql-proxy/sqlparser/parsed_query.go:135.73,136.29 1 1
micode.be.xiaomi.com/wangjing1/go-mysql-proxy/sqlparser/parsed_query.go:153.2,153.12 1 1
micode.be.xiaomi.com/wangjing1/go-mysql-proxy/sqlparser/parsed_query.go:136.29,137.13 1 1
micode.be.xiaomi.com/wangjing1/go-mysql-proxy/sqlparser/parsed_query.go:140.3,141.33 2 1
micode.be.xiaomi.com/wangjing1/go-mysql-proxy/sqlparser/parsed_query.go:151.3,151.21 1 1
micode.be.xiaomi.com/wangjing1/go-mysql-proxy/sqlparser/parsed_query.go:137.13,139.4 1 1
micode.be.xiaomi.com/wangjing1/go-mysql-proxy/sqlparser/parsed_query.go:141.33,142.14 1 1
micode.be.xiaomi.com/wangjing1/go-mysql-proxy/sqlparser/parsed_query.go:145.4,147.49 3 1
micode.be.xiaomi.com/wangjing1/go-mysql-proxy/sqlparser/parsed_query.go:142.14,144.5 1 1
micode.be.xiaomi.com/wangjing1/go-mysql-proxy/sqlparser/parsed_query.go:147.49,149.5 1 0
micode.be.xiaomi.com/wangjing1/go-mysql-proxy/sqlparser/parsed_query.go:156.112,158.20 2 1
micode.be.xiaomi.com/wangjing1/go-mysql-proxy/sqlparser/parsed_query.go:162.2,163.9 2 1
micode.be.xiaomi.com/wangjing1/go-mysql-proxy/sqlparser/parsed_query.go:166.2,167.12 2 1
micode.be.xiaomi.com/wangjing1/go-mysql-proxy/sqlparser/parsed_query.go:176.2,176.13 1 1
micode.be.xiaomi.com/wangjing1/go-mysql-proxy/sqlparser/parsed_query.go:179.2,179.29 1 1
micode.be.xiaomi.com/wangjing1/go-mysql-proxy/sqlparser/parsed_query.go:158.20,161.3 2 1
micode.be.xiaomi.com/wangjing1/go-mysql-proxy/sqlparser/parsed_query.go:163.9,165.3 1 1
micode.be.xiaomi.com/wangjing1/go-mysql-proxy/sqlparser/parsed_query.go:167.12,168.15 1 1
micode.be.xiaomi.com/wangjing1/go-mysql-proxy/sqlparser/parsed_query.go:171.3,171.21 1 1
micode.be.xiaomi.com/wangjing1/go-mysql-proxy/sqlparser/parsed_query.go:174.3,174.25 1 1
micode.be.xiaomi.com/wangjing1/go-mysql-proxy/sqlparser/parsed_query.go:168.15,170.4 1 1
micode.be.xiaomi.com/wangjing1/go-mysql-proxy/sqlparser/parsed_query.go:171.21,173.4 1 1
micode.be.xiaomi.com/wangjing1/go-mysql-proxy/sqlparser/parsed_query.go:176.13,178.3 1 1
micode.be.xiaomi.com/wangjing1/go-mysql-proxy/sqlparser/router.go:44.110,47.16 3 1
micode.be.xiaomi.com/wangjing1/go-mysql-proxy/sqlparser/router.go:51.2,51.44 1 1
micode.be.xiaomi.com/wangjing1/go-mysql-proxy/sqlparser/router.go:47.16,49.3 1 0
micode.be.xiaomi.com/wangjing1/go-mysql-proxy/sqlparser/router.go:54.112,57.16 3 1
micode.be.xiaomi.com/wangjing1/go-mysql-proxy/sqlparser/router.go:61.2,61.49 1 1
micode.be.xiaomi.com/wangjing1/go-mysql-proxy/sqlparser/router.go:57.16,59.3 1 0
micode.be.xiaomi.com/wangjing1/go-mysql-proxy/sqlparser/router.go:64.118,74.23 6 1
micode.be.xiaomi.com/wangjing1/go-mysql-proxy/sqlparser/router.go:78.2,78.19 1 0
micode.be.xiaomi.com/wangjing1/go-mysql-proxy/sqlparser/router.go:74.23,76.3 1 0
micode.be.xiaomi.com/wangjing1/go-mysql-proxy/sqlparser/router.go:81.120,91.2 5 1
micode.be.xiaomi.com/wangjing1/go-mysql-proxy/sqlparser/router.go:93.49,95.2 1 1
micode.be.xiaomi.com/wangjing1/go-mysql-proxy/sqlparser/router.go:97.78,99.33 2 1
micode.be.xiaomi.com/wangjing1/go-mysql-proxy/sqlparser/router.go:181.2,181.22 1 0
micode.be.xiaomi.com/wangjing1/go-mysql-proxy/sqlparser/router.go:100.2,101.28 1 1
micode.be.xiaomi.com/wangjing1/go-mysql-proxy/sqlparser/router.go:151.2,152.44 1 1
micode.be.xiaomi.com/wangjing1/go-mysql-proxy/sqlparser/router.go:156.3,159.37 3 1
micode.be.xiaomi.com/wangjing1/go-mysql-proxy/sqlparser/router.go:177.2,178.23 1 0
micode.be.xiaomi.com/wangjing1/go-mysql-proxy/sqlparser/router.go:102.3,103.59 1 1
micode.be.xiaomi.com/wangjing1/go-mysql-proxy/sqlparser/router.go:108.4,108.23 1 1
micode.be.xiaomi.com/wangjing1/go-mysql-proxy/sqlparser/router.go:109.3,110.45 1 1
micode.be.xiaomi.com/wangjing1/go-mysql-proxy/sqlparser/router.go:114.4,114.59 1 1
micode.be.xiaomi.com/wangjing1/go-mysql-proxy/sqlparser/router.go:125.3,126.45 1 1
micode.be.xiaomi.com/wangjing1/go-mysql-proxy/sqlparser/router.go:130.4,130.59 1 1
micode.be.xiaomi.com/wangjing1/go-mysql-proxy/sqlparser/router.go:141.3,142.45 1 1
micode.be.xiaomi.com/wangjing1/go-mysql-proxy/sqlparser/router.go:143.3,144.46 1 1
micode.be.xiaomi.com/wangjing1/go-mysql-proxy/sqlparser/router.go:148.4,149.26 2 1
micode.be.xiaomi.com/wangjing1/go-mysql-proxy/sqlparser/router.go:103.59,105.5 1 1
micode.be.xiaomi.com/wangjing1/go-mysql-proxy/sqlparser/router.go:105.5,107.5 1 0
micode.be.xiaomi.com/wangjing1/go-mysql-proxy/sqlparser/router.go:110.45,112.5 1 0
micode.be.xiaomi.com/wangjing1/go-mysql-proxy/sqlparser/router.go:114.59,116.33 2 1
micode.be.xiaomi.com/wangjing1/go-mysql-proxy/sqlparser/router.go:120.5,120.32 1 1
micode.be.xiaomi.com/wangjing1/go-mysql-proxy/sqlparser/router.go:116.33,118.6 1 1
micode.be.xiaomi.com/wangjing1/go-mysql-proxy/sqlparser/router.go:121.5,124.5 2 1
micode.be.xiaomi.com/wangjing1/go-mysql-proxy/sqlparser/router.go:126.45,128.5 1 1
micode.be.xiaomi.com/wangjing1/go-mysql-proxy/sqlparser/router.go:130.59,133.5 2 1
micode.be.xiaomi.com/wangjing1/go-mysql-proxy/sqlparser/router.go:133.5,136.33 2 1
micode.be.xiaomi.com/wangjing1/go-mysql-proxy/sqlparser/router.go:139.5,139.32 1 1
micode.be.xiaomi.com/wangjing1/go-mysql-proxy/sqlparser/router.go:136.33,138.6 1 1
micode.be.xiaomi.com/wangjing1/go-mysql-proxy/sqlparser/router.go:144.46,146.5 1 1
micode.be.xiaomi.com/wangjing1/go-mysql-proxy/sqlparser/router.go:152.44,154.4 1 0
micode.be.xiaomi.com/wangjing1/go-mysql-proxy/sqlparser/router.go:159.37,160.20 1 1
micode.be.xiaomi.com/wangjing1/go-mysql-proxy/sqlparser/router.go:163.4,164.12 2 1
micode.be.xiaomi.com/wangjing1/go-mysql-proxy/sqlparser/router.go:160.20,162.5 1 0
micode.be.xiaomi.com/wangjing1/go-mysql-proxy/sqlparser/router.go:165.4,166.20 1 1
micode.be.xiaomi.com/wangjing1/go-mysql-proxy/sqlparser/router.go:173.4,175.28 3 1
micode.be.xiaomi.com/wangjing1/go-mysql-proxy/sqlparser/router.go:166.20,169.5 2 0
micode.be.xiaomi.com/wangjing1/go-mysql-proxy/sqlparser/router.go:169.5,171.5 1 1
micode.be.xiaomi.com/wangjing1/go-mysql-proxy/sqlparser/router.go:184.64,185.26 1 1
micode.be.xiaomi.com/wangjing1/go-mysql-proxy/sqlparser/router.go:191.2,191.75 1 1
micode.be.xiaomi.com/wangjing1/go-mysql-proxy/sqlparser/router.go:198.2,198.42 1 1
micode.be.xiaomi.com/wangjing1/go-mysql-proxy/sqlparser/router.go:185.26,187.3 1 0
micode.be.xiaomi.com/wangjing1/go-mysql-proxy/sqlparser/router.go:191.75,192.30 1 0
micode.be.xiaomi.com/wangjing1/go-mysql-proxy/sqlparser/router.go:195.3,195.23 1 0
micode.be.xiaomi.com/wangjing1/go-mysql-proxy/sqlparser/router.go:192.30,194.4 1 0
micode.be.xiaomi.com/wangjing1/go-mysql-proxy/sqlparser/router.go:199.2,201.22 2 1
micode.be.xiaomi.com/wangjing1/go-mysql-proxy/sqlparser/router.go:202.2,203.46 1 1
micode.be.xiaomi.com/wangjing1/go-mysql-proxy/sqlparser/router.go:204.2,205.23 1 0
micode.be.xiaomi.com/wangjing1/go-mysql-proxy/sqlparser/router.go:209.61,210.41 1 1
micode.be.xiaomi.com/wangjing1/go-mysql-proxy/sqlparser/router.go:216.2,216.26 1 1
micode.be.xiaomi.com/wangjing1/go-mysql-proxy/sqlparser/router.go:210.41,212.3 1 0
micode.be.xiaomi.com/wangjing1/go-mysql-proxy/sqlparser/router.go:212.3,212.33 1 1
micode.be.xiaomi.com/wangjing1/go-mysql-proxy/sqlparser/router.go:212.33,214.3 1 0
micode.be.xiaomi.com/wangjing1/go-mysql-proxy/sqlparser/router.go:216.26,217.38 1 1
micode.be.xiaomi.com/wangjing1/go-mysql-proxy/sqlparser/router.go:217.38,219.4 1 1
micode.be.xiaomi.com/wangjing1/go-mysql-proxy/sqlparser/router.go:223.85,226.34 3 1
micode.be.xiaomi.com/wangjing1/go-mysql-proxy/sqlparser/router.go:265.2,265.18 1 1
micode.be.xiaomi.com/wangjing1/go-mysql-proxy/sqlparser/router.go:270.2,272.13 2 1
micode.be.xiaomi.com/wangjing1/go-mysql-proxy/sqlparser/router.go:227.2,228.47 1 1
micode.be.xiaomi.com/wangjing1/go-mysql-proxy/sqlparser/router.go:232.3,234.24 2 1
micode.be.xiaomi.com/wangjing1/go-mysql-proxy/sqlparser/router.go:238.3,240.14 3 1
micode.be.xiaomi.com/wangjing1/go-mysql-proxy/sqlparser/router.go:241.2,242.47 1 0
micode.be.xiaomi.com/wangjing1/go-mysql-proxy/sqlparser/router.go:246.3,249.14 4 0
micode.be.xiaomi.com/wangjing1/go-mysql-proxy/sqlparser/router.go:251.2,253.21 2 1
micode.be.xiaomi.com/wangjing1/go-mysql-proxy/sqlparser/router.go:254.2,259.21 3 1
micode.be.xiaomi.com/wangjing1/go-mysql-proxy/sqlparser/router.go:260.2,262.21 2 0
micode.be.xiaomi.com/wangjing1/go-mysql-proxy/sqlparser/router.go:228.47,230.4 1 0
micode.be.xiaomi.com/wangjing1/go-mysql-proxy/sqlparser/router.go:234.24,236.4 1 1
micode.be.xiaomi.com/wangjing1/go-mysql-proxy/sqlparser/router.go:242.47,244.4 1 0
micode.be.xiaomi.com/wangjing1/go-mysql-proxy/sqlparser/router.go:265.18,267.3 1 1
micode.be.xiaomi.com/wangjing1/go-mysql-proxy/sqlparser/router.go:267.3,269.3 1 0
micode.be.xiaomi.com/wangjing1/go-mysql-proxy/sqlparser/router.go:275.67,277.33 1 1
micode.be.xiaomi.com/wangjing1/go-mysql-proxy/sqlparser/router.go:288.2,288.13 1 1
micode.be.xiaomi.com/wangjing1/go-mysql-proxy/sqlparser/router.go:277.33,278.34 1 1
micode.be.xiaomi.com/wangjing1/go-mysql-proxy/sqlparser/router.go:279.3,281.28 2 1
micode.be.xiaomi.com/wangjing1/go-mysql-proxy/sqlparser/router.go:284.3,285.50 1 0
micode.be.xiaomi.com/wangjing1/go-mysql-proxy/sqlparser/router.go:281.28,283.5 1 0
micode.be.xiaomi.com/wangjing1/go-mysql-proxy/sqlparser/router.go:291.69,292.29 1 1
micode.be.xiaomi.com/wangjing1/go-mysql-proxy/sqlparser/router.go:327.2,327.22 1 1
micode.be.xiaomi.com/wangjing1/go-mysql-proxy/sqlparser/router.go:293.2,297.32 3 1
micode.be.xiaomi.com/wangjing1/go-mysql-proxy/sqlparser/router.go:298.2,301.32 3 1
micode.be.xiaomi.com/wangjing1/go-mysql-proxy/sqlparser/router.go:302.2,303.47 1 1
micode.be.xiaomi.com/wangjing1/go-mysql-proxy/sqlparser/router.go:304.2,305.10 1 1
micode.be.xiaomi.com/wangjing1/go-mysql-proxy/sqlparser/router.go:319.2,323.65 4 1
micode.be.xiaomi.com/wangjing1/go-mysql-proxy/sqlparser/router.go:306.3,309.94 3 1
micode.be.xiaomi.com/wangjing1/go-mysql-proxy/sqlparser/router.go:312.3,315.46 3 1
micode.be.xiaomi.com/wangjing1/go-mysql-proxy/sqlparser/router.go:309.94,311.5 1 1
micode.be.xiaomi.com/wangjing1/go-mysql-proxy/sqlparser/router.go:315.46,317.5 1 1
micode.be.xiaomi.com/wangjing1/go-mysql-proxy/sqlparser/router.go:323.65,325.4 1 1
micode.be.xiaomi.com/wangjing1/go-mysql-proxy/sqlparser/router.go:330.67,331.32 1 1
micode.be.xiaomi.com/wangjing1/go-mysql-proxy/sqlparser/router.go:346.2,346.19 1 1
micode.be.xiaomi.com/wangjing1/go-mysql-proxy/sqlparser/router.go:332.2,333.41 1 1
micode.be.xiaomi.com/wangjing1/go-mysql-proxy/sqlparser/router.go:336.2,337.26 1 1
micode.be.xiaomi.com/wangjing1/go-mysql-proxy/sqlparser/router.go:342.3,342.19 1 1
micode.be.xiaomi.com/wangjing1/go-mysql-proxy/sqlparser/router.go:343.2,344.20 1 1
micode.be.xiaomi.com/wangjing1/go-mysql-proxy/sqlparser/router.go:333.41,335.4 1 1
micode.be.xiaomi.com/wangjing1/go-mysql-proxy/sqlparser/router.go:337.26,338.49 1 1
micode.be.xiaomi.com/wangjing1/go-mysql-proxy/sqlparser/router.go:338.49,340.5 1 0
micode.be.xiaomi.com/wangjing1/go-mysql-proxy/sqlparser/router.go:349.63,351.32 2 1
micode.be.xiaomi.com/wangjing1/go-mysql-proxy/sqlparser/router.go:358.2,360.26 3 1
micode.be.xiaomi.com/wangjing1/go-mysql-proxy/sqlparser/router.go:365.2,366.18 2 1
micode.be.xiaomi.com/wangjing1/go-mysql-proxy/sqlparser/router.go:352.2,353.26 1 1
micode.be.xiaomi.com/wangjing1/go-mysql-proxy/sqlparser/router.go:353.26,356.4 2 1
micode.be.xiaomi.com/wangjing1/go-mysql-proxy/sqlparser/router.go:360.26,363.3 2 1
micode.be.xiaomi.com/wangjing1/go-mysql-proxy/sqlparser/router.go:369.59,371.33 2 1
micode.be.xiaomi.com/wangjing1/go-mysql-proxy/sqlparser/router.go:380.2,380.14 1 1
micode.be.xiaomi.com/wangjing1/go-mysql-proxy/sqlparser/router.go:371.33,374.18 3 1
micode.be.xiaomi.com/wangjing1/go-mysql-proxy/sqlparser/router.go:374.18,376.4 1 1
micode.be.xiaomi.com/wangjing1/go-mysql-proxy/sqlparser/router.go:376.4,376.31 1 0
micode.be.xiaomi.com/wangjing1/go-mysql-proxy/sqlparser/router.go:376.31,378.4 1 0
micode.be.xiaomi.com/wangjing1/go-mysql-proxy/sqlparser/router.go:383.57,386.2 2 1
micode.be.xiaomi.com/wangjing1/go-mysql-proxy/sqlparser/router.go:388.75,392.9 3 1
micode.be.xiaomi.com/wangjing1/go-mysql-proxy/sqlparser/router.go:396.2,396.32 1 1
micode.be.xiaomi.com/wangjing1/go-mysql-proxy/sqlparser/router.go:402.2,402.14 1 1
micode.be.xiaomi.com/wangjing1/go-mysql-proxy/sqlparser/router.go:392.9,394.3 1 0
micode.be.xiaomi.com/wangjing1/go-mysql-proxy/sqlparser/router.go:396.32,398.16 2 1
micode.be.xiaomi.com/wangjing1/go-mysql-proxy/sqlparser/router.go:398.16,400.4 1 0
micode.be.xiaomi.com/wangjing1/go-mysql-proxy/sqlparser/router.go:405.69,406.32 1 1
micode.be.xiaomi.com/wangjing1/go-mysql-proxy/sqlparser/router.go:424.2,424.27 1 0
micode.be.xiaomi.com/wangjing1/go-mysql-proxy/sqlparser/router.go:407.2,408.21 1 0
micode.be.xiaomi.com/wangjing1/go-mysql-proxy/sqlparser/router.go:412.3,412.37 1 0
micode.be.xiaomi.com/wangjing1/go-mysql-proxy/sqlparser/router.go:413.2,414.22 1 0
micode.be.xiaomi.com/wangjing1/go-mysql-proxy/sqlparser/router.go:415.2,417.17 2 1
micode.be.xiaomi.com/wangjing1/go-mysql-proxy/sqlparser/router.go:420.3,420.13 1 1
micode.be.xiaomi.com/wangjing1/go-mysql-proxy/sqlparser/router.go:421.2,422.41 1 1
micode.be.xiaomi.com/wangjing1/go-mysql-proxy/sqlparser/router.go:408.21,410.4 1 0
micode.be.xiaomi.com/wangjing1/go-mysql-proxy/sqlparser/router.go:417.17,419.4 1 0
micode.be.xiaomi.com/wangjing1/go-mysql-proxy/sqlparser/router.go:427.37,429.31 2 1
micode.be.xiaomi.com/wangjing1/go-mysql-proxy/sqlparser/router.go:432.2,432.13 1 1
micode.be.xiaomi.com/wangjing1/go-mysql-proxy/sqlparser/router.go:429.31,431.3 1 1
micode.be.xiaomi.com/wangjing1/go-mysql-proxy/sqlparser/router.go:436.42,437.34 1 1
micode.be.xiaomi.com/wangjing1/go-mysql-proxy/sqlparser/router.go:441.2,444.33 4 1
micode.be.xiaomi.com/wangjing1/go-mysql-proxy/sqlparser/router.go:456.2,456.11 1 1
micode.be.xiaomi.com/wangjing1/go-mysql-proxy/sqlparser/router.go:437.34,439.3 1 1
micode.be.xiaomi.com/wangjing1/go-mysql-proxy/sqlparser/router.go:444.33,445.21 1 1
micode.be.xiaomi.com/wangjing1/go-mysql-proxy/sqlparser/router.go:445.21,449.4 3 1
micode.be.xiaomi.com/wangjing1/go-mysql-proxy/sqlparser/router.go:449.4,449.27 1 1
micode.be.xiaomi.com/wangjing1/go-mysql-proxy/sqlparser/router.go:449.27,451.4 1 1
micode.be.xiaomi.com/wangjing1/go-mysql-proxy/sqlparser/router.go:451.4,453.4 1 1
micode.be.xiaomi.com/wangjing1/go-mysql-proxy/sqlparser/router.go:460.42,461.18 1 1
micode.be.xiaomi.com/wangjing1/go-mysql-proxy/sqlparser/router.go:467.2,471.33 4 1
micode.be.xiaomi.com/wangjing1/go-mysql-proxy/sqlparser/router.go:485.2,485.18 1 1
micode.be.xiaomi.com/wangjing1/go-mysql-proxy/sqlparser/router.go:491.2,491.11 1 1
micode.be.xiaomi.com/wangjing1/go-mysql-proxy/sqlparser/router.go:461.18,463.3 1 0
micode.be.xiaomi.com/wangjing1/go-mysql-proxy/sqlparser/router.go:463.3,463.25 1 1
micode.be.xiaomi.com/wangjing1/go-mysql-proxy/sqlparser/router.go:463.25,465.3 1 1
micode.be.xiaomi.com/wangjing1/go-mysql-proxy/sqlparser/router.go:471.33,472.20 1 1
micode.be.xiaomi.com/wangjing1/go-mysql-proxy/sqlparser/router.go:472.20,475.4 2 1
micode.be.xiaomi.com/wangjing1/go-mysql-proxy/sqlparser/router.go:475.4,475.27 1 1
micode.be.xiaomi.com/wangjing1/go-mysql-proxy/sqlparser/router.go:475.27,478.4 2 1
micode.be.xiaomi.com/wangjing1/go-mysql-proxy/sqlparser/router.go:478.4,482.4 3 1
micode.be.xiaomi.com/wangjing1/go-mysql-proxy/sqlparser/router.go:485.18,487.3 1 1
micode.be.xiaomi.com/wangjing1/go-mysql-proxy/sqlparser/router.go:487.3,487.25 1 1
micode.be.xiaomi.com/wangjing1/go-mysql-proxy/sqlparser/router.go:487.25,489.3 1 1
micode.be.xiaomi.com/wangjing1/go-mysql-proxy/sqlparser/router.go:495.46,496.18 1 1
micode.be.xiaomi.com/wangjing1/go-mysql-proxy/sqlparser/router.go:502.2,506.33 4 1
micode.be.xiaomi.com/wangjing1/go-mysql-proxy/sqlparser/router.go:518.2,518.18 1 1
micode.be.xiaomi.com/wangjing1/go-mysql-proxy/sqlparser/router.go:522.2,522.11 1 1
micode.be.xiaomi.com/wangjing1/go-mysql-proxy/sqlparser/router.go:496.18,498.3 1 0
micode.be.xiaomi.com/wangjing1/go-mysql-proxy/sqlparser/router.go:498.3,498.25 1 1
micode.be.xiaomi.com/wangjing1/go-mysql-proxy/sqlparser/router.go:498.25,500.3 1 1
micode.be.xiaomi.com/wangjing1/go-mysql-proxy/sqlparser/router.go:506.33,507.20 1 1
micode.be.xiaomi.com/wangjing1/go-mysql-proxy/sqlparser/router.go:507.20,510.4 2 1
micode.be.xiaomi.com/wangjing1/go-mysql-proxy/sqlparser/router.go:510.4,510.27 1 1
micode.be.xiaomi.com/wangjing1/go-mysql-proxy/sqlparser/router.go:510.27,512.4 1 0
micode.be.xiaomi.com/wangjing1/go-mysql-proxy/sqlparser/router.go:512.4,515.4 2 1
micode.be.xiaomi.com/wangjing1/go-mysql-proxy/sqlparser/router.go:518.18,520.3 1 1
